02-Feb-2023 23:05:07.001 INFORMACIÓN [main] org.apache.catalina.startup.VersionLoggerListener.log Nombre de la versión del servidor: Apache Tomcat/8.5.83
02-Feb-2023 23:05:07.131 INFORMACIÓN [main] org.apache.catalina.startup.VersionLoggerListener.log Server built:                      Oct 3 2022 21:11:09 UTC
02-Feb-2023 23:05:07.132 INFORMACIÓN [main] org.apache.catalina.startup.VersionLoggerListener.log Número de versión de servidor:     8.5.83.0
02-Feb-2023 23:05:07.132 INFORMACIÓN [main] org.apache.catalina.startup.VersionLoggerListener.log OS Name:                           Windows 10
02-Feb-2023 23:05:07.132 INFORMACIÓN [main] org.apache.catalina.startup.VersionLoggerListener.log Versión de Systema Operativo:      10.0
02-Feb-2023 23:05:07.132 INFORMACIÓN [main] org.apache.catalina.startup.VersionLoggerListener.log Arquitectura:                      amd64
02-Feb-2023 23:05:07.132 INFORMACIÓN [main] org.apache.catalina.startup.VersionLoggerListener.log Java Home:                         C:\Program Files\Java\jdk1.8.0_341\jre
02-Feb-2023 23:05:07.132 INFORMACIÓN [main] org.apache.catalina.startup.VersionLoggerListener.log JVM Version:                       1.8.0_341-b10
02-Feb-2023 23:05:07.133 INFORMACIÓN [main] org.apache.catalina.startup.VersionLoggerListener.log Vededor JVM:                       Oracle Corporation
02-Feb-2023 23:05:07.133 INFORMACIÓN [main] org.apache.catalina.startup.VersionLoggerListener.log CATALINA_BASE:                     C:\Users\CarlosAdmin\Desktop\Librerias\apache-tomcat-8.5.83-windows-x64\apache-tomcat-8.5.83
02-Feb-2023 23:05:07.133 INFORMACIÓN [main] org.apache.catalina.startup.VersionLoggerListener.log CATALINA_HOME:                     C:\Users\CarlosAdmin\Desktop\Librerias\apache-tomcat-8.5.83-windows-x64\apache-tomcat-8.5.83
02-Feb-2023 23:05:07.133 INFORMACIÓN [main] org.apache.catalina.startup.VersionLoggerListener.log Command line argument:             -Djava.util.logging.config.file=C:\Users\CarlosAdmin\Desktop\Librerias\apache-tomcat-8.5.83-windows-x64\apache-tomcat-8.5.83\conf\logging.properties
02-Feb-2023 23:05:07.133 INFORMACIÓN [main] org.apache.catalina.startup.VersionLoggerListener.log Command line argument:             -Djava.util.logging.manager=org.apache.juli.ClassLoaderLogManager
02-Feb-2023 23:05:07.133 INFORMACIÓN [main] org.apache.catalina.startup.VersionLoggerListener.log Command line argument:             -Dhttp.nonProxyHosts=localhost|127.0.0.1|DESKTOP-8NAV08A
02-Feb-2023 23:05:07.133 INFORMACIÓN [main] org.apache.catalina.startup.VersionLoggerListener.log Command line argument:             -Djdk.tls.ephemeralDHKeySize=2048
02-Feb-2023 23:05:07.133 INFORMACIÓN [main] org.apache.catalina.startup.VersionLoggerListener.log Command line argument:             -Djava.protocol.handler.pkgs=org.apache.catalina.webresources
02-Feb-2023 23:05:07.134 INFORMACIÓN [main] org.apache.catalina.startup.VersionLoggerListener.log Command line argument:             -Dignore.endorsed.dirs=
02-Feb-2023 23:05:07.134 INFORMACIÓN [main] org.apache.catalina.startup.VersionLoggerListener.log Command line argument:             -Dcatalina.base=C:\Users\CarlosAdmin\Desktop\Librerias\apache-tomcat-8.5.83-windows-x64\apache-tomcat-8.5.83
02-Feb-2023 23:05:07.134 INFORMACIÓN [main] org.apache.catalina.startup.VersionLoggerListener.log Command line argument:             -Dcatalina.home=C:\Users\CarlosAdmin\Desktop\Librerias\apache-tomcat-8.5.83-windows-x64\apache-tomcat-8.5.83
02-Feb-2023 23:05:07.134 INFORMACIÓN [main] org.apache.catalina.startup.VersionLoggerListener.log Command line argument:             -Djava.io.tmpdir=C:\Users\CarlosAdmin\Desktop\Librerias\apache-tomcat-8.5.83-windows-x64\apache-tomcat-8.5.83\temp
02-Feb-2023 23:05:07.134 INFORMACIÓN [main] org.apache.catalina.core.AprLifecycleListener.lifecycleEvent Cargada la biblioteca nativa APR de Apache Tomcat [1.2.35] con la versión APR [1.7.0].
02-Feb-2023 23:05:07.134 INFORMACIÓN [main] org.apache.catalina.core.AprLifecycleListener.lifecycleEvent Capacidades APR: IPv6 [true], enviar fichero [true], aceptar filtros [false], aleatorio [true], UDS [{4}].
02-Feb-2023 23:05:07.154 INFORMACIÓN [main] org.apache.catalina.core.AprLifecycleListener.lifecycleEvent APR/OpenSSL configuration: useAprConnector [false], useOpenSSL [true]
02-Feb-2023 23:05:07.839 INFORMACIÓN [main] org.apache.catalina.core.AprLifecycleListener.initializeSSL OpenSSL inicializado correctamente [OpenSSL 1.1.1q  5 Jul 2022]
02-Feb-2023 23:05:13.586 INFORMACIÓN [main] org.apache.coyote.AbstractProtocol.init Inicializando el manejador de protocolo ["http-nio-8080"]

02-Feb-2023 23:05:13.769 INFORMACIÓN [main] org.apache.catalina.startup.Catalina.load Initialization processed in 11320 ms
02-Feb-2023 23:05:14.263 INFORMACIÓN [main] org.apache.catalina.core.StandardService.startInternal Arrancando servicio [Catalina]
02-Feb-2023 23:05:14.264 INFORMACIÓN [main] org.apache.catalina.core.StandardEngine.startInternal Starting Servlet engine: [Apache Tomcat/8.5.83]
02-Feb-2023 23:05:14.303 INFORMACIÓN [localhost-startStop-1] org.apache.catalina.startup.HostConfig.deployDescriptor Desplieque del descriptor de configuración [C:\Users\CarlosAdmin\Desktop\Librerias\apache-tomcat-8.5.83-windows-x64\apache-tomcat-8.5.83\conf\Catalina\localhost\PruebaJSP.xml]
02-Feb-2023 23:05:21.504 INFORMACIÓN [localhost-startStop-1] org.apache.jasper.servlet.TldScanner.scanJars Al menos un JAR, que se ha explorado buscando TLDs, aún no contenía TLDs. Activar historial de depuración para este historiador para una completa lista de los JARs que fueron explorados y de los que nos se halló TLDs. Saltarse JARs no necesarios durante la exploración puede dar lugar a una mejora de tiempo significativa en el arranque y compilación de JSP .
02-Feb-2023 23:05:22.157 ADVERTENCIA [localhost-startStop-1] org.apache.catalina.util.SessionIdGeneratorBase.createSecureRandom Creation of SecureRandom instance for session ID generation using [SHA1PRNG] took [539] milliseconds.
02-Feb-2023 23:05:22.340 INFORMACIÓN [localhost-startStop-1] org.apache.catalina.startup.HostConfig.deployDescriptor Deployment of deployment descriptor [C:\Users\CarlosAdmin\Desktop\Librerias\apache-tomcat-8.5.83-windows-x64\apache-tomcat-8.5.83\conf\Catalina\localhost\PruebaJSP.xml] has finished in [8.037] ms
02-Feb-2023 23:05:22.342 INFORMACIÓN [localhost-startStop-1] org.apache.catalina.startup.HostConfig.deployDirectory Desplegando el directorio [C:\Users\CarlosAdmin\Desktop\Librerias\apache-tomcat-8.5.83-windows-x64\apache-tomcat-8.5.83\webapps\docs] de la aplicación web
02-Feb-2023 23:05:22.444 INFORMACIÓN [localhost-startStop-1] org.apache.catalina.startup.HostConfig.deployDirectory Deployment of web application directory [C:\Users\CarlosAdmin\Desktop\Librerias\apache-tomcat-8.5.83-windows-x64\apache-tomcat-8.5.83\webapps\docs] has finished in [102] ms
02-Feb-2023 23:05:22.444 INFORMACIÓN [localhost-startStop-1] org.apache.catalina.startup.HostConfig.deployDirectory Desplegando el directorio [C:\Users\CarlosAdmin\Desktop\Librerias\apache-tomcat-8.5.83-windows-x64\apache-tomcat-8.5.83\webapps\examples] de la aplicación web
02-Feb-2023 23:05:24.677 INFORMACIÓN [localhost-startStop-1] org.apache.catalina.startup.HostConfig.deployDirectory Deployment of web application directory [C:\Users\CarlosAdmin\Desktop\Librerias\apache-tomcat-8.5.83-windows-x64\apache-tomcat-8.5.83\webapps\examples] has finished in [2.232] ms
02-Feb-2023 23:05:24.677 INFORMACIÓN [localhost-startStop-1] org.apache.catalina.startup.HostConfig.deployDirectory Desplegando el directorio [C:\Users\CarlosAdmin\Desktop\Librerias\apache-tomcat-8.5.83-windows-x64\apache-tomcat-8.5.83\webapps\host-manager] de la aplicación web
02-Feb-2023 23:05:24.905 INFORMACIÓN [localhost-startStop-1] org.apache.catalina.startup.HostConfig.deployDirectory Deployment of web application directory [C:\Users\CarlosAdmin\Desktop\Librerias\apache-tomcat-8.5.83-windows-x64\apache-tomcat-8.5.83\webapps\host-manager] has finished in [228] ms
02-Feb-2023 23:05:24.905 INFORMACIÓN [localhost-startStop-1] org.apache.catalina.startup.HostConfig.deployDirectory Desplegando el directorio [C:\Users\CarlosAdmin\Desktop\Librerias\apache-tomcat-8.5.83-windows-x64\apache-tomcat-8.5.83\webapps\manager] de la aplicación web
02-Feb-2023 23:05:24.998 INFORMACIÓN [localhost-startStop-1] org.apache.catalina.startup.HostConfig.deployDirectory Deployment of web application directory [C:\Users\CarlosAdmin\Desktop\Librerias\apache-tomcat-8.5.83-windows-x64\apache-tomcat-8.5.83\webapps\manager] has finished in [93] ms
02-Feb-2023 23:05:24.998 INFORMACIÓN [localhost-startStop-1] org.apache.catalina.startup.HostConfig.deployDirectory Desplegando el directorio [C:\Users\CarlosAdmin\Desktop\Librerias\apache-tomcat-8.5.83-windows-x64\apache-tomcat-8.5.83\webapps\ROOT] de la aplicación web
02-Feb-2023 23:05:25.131 INFORMACIÓN [localhost-startStop-1] org.apache.catalina.startup.HostConfig.deployDirectory Deployment of web application directory [C:\Users\CarlosAdmin\Desktop\Librerias\apache-tomcat-8.5.83-windows-x64\apache-tomcat-8.5.83\webapps\ROOT] has finished in [133] ms
02-Feb-2023 23:05:25.151 INFORMACIÓN [main] org.apache.coyote.AbstractProtocol.start Starting ProtocolHandler ["http-nio-8080"]
02-Feb-2023 23:05:25.715 INFORMACIÓN [main] org.apache.catalina.startup.Catalina.start Server startup in 11947 ms
02-Feb-2023 23:05:30.640 INFORMACIÓN [http-nio-8080-exec-8] org.apache.catalina.core.StandardContext.reload Ha comenzado la recarga de Contexto [/PruebaJSP]
02-Feb-2023 23:05:34.623 INFORMACIÓN [http-nio-8080-exec-8] org.apache.jasper.servlet.TldScanner.scanJars Al menos un JAR, que se ha explorado buscando TLDs, aún no contenía TLDs. Activar historial de depuración para este historiador para una completa lista de los JARs que fueron explorados y de los que nos se halló TLDs. Saltarse JARs no necesarios durante la exploración puede dar lugar a una mejora de tiempo significativa en el arranque y compilación de JSP .
02-Feb-2023 23:05:34.644 INFORMACIÓN [http-nio-8080-exec-8] org.apache.catalina.core.StandardContext.reload Se ha completado la recarga de este Contexto
02-Feb-2023 23:09:51.332 INFORMACIÓN [main] org.apache.catalina.core.StandardServer.await Se ha recibido un comando de apagado a través del puerto de apagado. Parando la instancia del Servidor.
02-Feb-2023 23:09:51.333 INFORMACIÓN [main] org.apache.coyote.AbstractProtocol.pause Pausing ProtocolHandler ["http-nio-8080"]
02-Feb-2023 23:09:51.665 INFORMACIÓN [main] org.apache.catalina.core.StandardService.stopInternal Parando servicio [Catalina]
02-Feb-2023 23:09:51.711 ADVERTENCIA [localhost-startStop-2] org.apache.catalina.loader.WebappClassLoaderBase.clearReferencesJdbc La aplicación web [PruebaJSP] registró el conductor JDBC [com.mysql.cj.jdbc.Driver] pero falló al anular el registro mientras la aplicación web estaba parada. Para prevenir un fallo de memoria, se ha anulado el registro del conductor JDBC por la fuerza.
02-Feb-2023 23:09:51.712 ADVERTENCIA [localhost-startStop-2] org.apache.catalina.loader.WebappClassLoaderBase.clearReferencesThreads The web application [PruebaJSP] appears to have started a thread named [mysql-cj-abandoned-connection-cleanup] but has failed to stop it. This is very likely to create a memory leak. Stack trace of thread:
 java.lang.Object.wait(Native Method)
 java.lang.ref.ReferenceQueue.remove(ReferenceQueue.java:150)
 com.mysql.cj.jdbc.AbandonedConnectionCleanupThread.run(AbandonedConnectionCleanupThread.java:91)
 java.util.concurrent.ThreadPoolExecutor.runWorker(ThreadPoolExecutor.java:1149)
 java.util.concurrent.ThreadPoolExecutor$Worker.run(ThreadPoolExecutor.java:624)
 java.lang.Thread.run(Thread.java:750)
02-Feb-2023 23:09:51.759 INFORMACIÓN [main] org.apache.coyote.AbstractProtocol.stop Stopping ProtocolHandler ["http-nio-8080"]
02-Feb-2023 23:09:51.781 INFORMACIÓN [main] org.apache.coyote.AbstractProtocol.destroy Destroying ProtocolHandler ["http-nio-8080"]
