14-Nov-2022 09:17:23.929 INFORMACIÓN [main] org.apache.catalina.startup.VersionLoggerListener.log Nombre de la versión del servidor: Apache Tomcat/8.5.83
14-Nov-2022 09:17:23.936 INFORMACIÓN [main] org.apache.catalina.startup.VersionLoggerListener.log Server built:                      Oct 3 2022 21:11:09 UTC
14-Nov-2022 09:17:23.936 INFORMACIÓN [main] org.apache.catalina.startup.VersionLoggerListener.log Número de versión de servidor:     8.5.83.0
14-Nov-2022 09:17:23.937 INFORMACIÓN [main] org.apache.catalina.startup.VersionLoggerListener.log OS Name:                           Windows 10
14-Nov-2022 09:17:23.937 INFORMACIÓN [main] org.apache.catalina.startup.VersionLoggerListener.log Versión de Systema Operativo:      10.0
14-Nov-2022 09:17:23.937 INFORMACIÓN [main] org.apache.catalina.startup.VersionLoggerListener.log Arquitectura:                      amd64
14-Nov-2022 09:17:23.937 INFORMACIÓN [main] org.apache.catalina.startup.VersionLoggerListener.log Java Home:                         C:\Program Files\Java\jdk1.8.0_341\jre
14-Nov-2022 09:17:23.937 INFORMACIÓN [main] org.apache.catalina.startup.VersionLoggerListener.log JVM Version:                       1.8.0_341-b10
14-Nov-2022 09:17:23.937 INFORMACIÓN [main] org.apache.catalina.startup.VersionLoggerListener.log Vededor JVM:                       Oracle Corporation
14-Nov-2022 09:17:23.937 INFORMACIÓN [main] org.apache.catalina.startup.VersionLoggerListener.log CATALINA_BASE:                     C:\Users\CarlosAdmin\Desktop\Librerias\apache-tomcat-8.5.83-windows-x64\apache-tomcat-8.5.83
14-Nov-2022 09:17:23.938 INFORMACIÓN [main] org.apache.catalina.startup.VersionLoggerListener.log CATALINA_HOME:                     C:\Users\CarlosAdmin\Desktop\Librerias\apache-tomcat-8.5.83-windows-x64\apache-tomcat-8.5.83
14-Nov-2022 09:17:23.938 INFORMACIÓN [main] org.apache.catalina.startup.VersionLoggerListener.log Command line argument:             -Djava.util.logging.config.file=C:\Users\CarlosAdmin\Desktop\Librerias\apache-tomcat-8.5.83-windows-x64\apache-tomcat-8.5.83\conf\logging.properties
14-Nov-2022 09:17:23.938 INFORMACIÓN [main] org.apache.catalina.startup.VersionLoggerListener.log Command line argument:             -Djava.util.logging.manager=org.apache.juli.ClassLoaderLogManager
14-Nov-2022 09:17:23.938 INFORMACIÓN [main] org.apache.catalina.startup.VersionLoggerListener.log Command line argument:             -Dhttp.nonProxyHosts=localhost|127.0.0.1|DESKTOP-8NAV08A
14-Nov-2022 09:17:23.938 INFORMACIÓN [main] org.apache.catalina.startup.VersionLoggerListener.log Command line argument:             -Djdk.tls.ephemeralDHKeySize=2048
14-Nov-2022 09:17:23.939 INFORMACIÓN [main] org.apache.catalina.startup.VersionLoggerListener.log Command line argument:             -Djava.protocol.handler.pkgs=org.apache.catalina.webresources
14-Nov-2022 09:17:23.939 INFORMACIÓN [main] org.apache.catalina.startup.VersionLoggerListener.log Command line argument:             -Dignore.endorsed.dirs=
14-Nov-2022 09:17:23.939 INFORMACIÓN [main] org.apache.catalina.startup.VersionLoggerListener.log Command line argument:             -Dcatalina.base=C:\Users\CarlosAdmin\Desktop\Librerias\apache-tomcat-8.5.83-windows-x64\apache-tomcat-8.5.83
14-Nov-2022 09:17:23.939 INFORMACIÓN [main] org.apache.catalina.startup.VersionLoggerListener.log Command line argument:             -Dcatalina.home=C:\Users\CarlosAdmin\Desktop\Librerias\apache-tomcat-8.5.83-windows-x64\apache-tomcat-8.5.83
14-Nov-2022 09:17:23.941 INFORMACIÓN [main] org.apache.catalina.startup.VersionLoggerListener.log Command line argument:             -Djava.io.tmpdir=C:\Users\CarlosAdmin\Desktop\Librerias\apache-tomcat-8.5.83-windows-x64\apache-tomcat-8.5.83\temp
14-Nov-2022 09:17:23.943 INFORMACIÓN [main] org.apache.catalina.core.AprLifecycleListener.lifecycleEvent Cargada la biblioteca nativa APR de Apache Tomcat [1.2.35] con la versión APR [1.7.0].
14-Nov-2022 09:17:23.943 INFORMACIÓN [main] org.apache.catalina.core.AprLifecycleListener.lifecycleEvent Capacidades APR: IPv6 [true], enviar fichero [true], aceptar filtros [false], aleatorio [true], UDS [{4}].
14-Nov-2022 09:17:24.036 INFORMACIÓN [main] org.apache.catalina.core.AprLifecycleListener.lifecycleEvent APR/OpenSSL configuration: useAprConnector [false], useOpenSSL [true]
14-Nov-2022 09:17:24.069 INFORMACIÓN [main] org.apache.catalina.core.AprLifecycleListener.initializeSSL OpenSSL inicializado correctamente [OpenSSL 1.1.1q  5 Jul 2022]
14-Nov-2022 09:17:24.551 INFORMACIÓN [main] org.apache.coyote.AbstractProtocol.init Inicializando el manejador de protocolo ["http-nio-8080"]

14-Nov-2022 09:17:24.654 INFORMACIÓN [main] org.apache.catalina.startup.Catalina.load Initialization processed in 1776 ms
14-Nov-2022 09:17:24.932 INFORMACIÓN [main] org.apache.catalina.core.StandardService.startInternal Arrancando servicio [Catalina]
14-Nov-2022 09:17:24.932 INFORMACIÓN [main] org.apache.catalina.core.StandardEngine.startInternal Starting Servlet engine: [Apache Tomcat/8.5.83]
14-Nov-2022 09:17:24.950 INFORMACIÓN [localhost-startStop-1] org.apache.catalina.startup.HostConfig.deployDirectory Desplegando el directorio [C:\Users\CarlosAdmin\Desktop\Librerias\apache-tomcat-8.5.83-windows-x64\apache-tomcat-8.5.83\webapps\docs] de la aplicación web
14-Nov-2022 09:17:25.873 ADVERTENCIA [localhost-startStop-1] org.apache.catalina.util.SessionIdGeneratorBase.createSecureRandom Creation of SecureRandom instance for session ID generation using [SHA1PRNG] took [342] milliseconds.
14-Nov-2022 09:17:25.929 INFORMACIÓN [localhost-startStop-1] org.apache.catalina.startup.HostConfig.deployDirectory Deployment of web application directory [C:\Users\CarlosAdmin\Desktop\Librerias\apache-tomcat-8.5.83-windows-x64\apache-tomcat-8.5.83\webapps\docs] has finished in [978] ms
14-Nov-2022 09:17:25.929 INFORMACIÓN [localhost-startStop-1] org.apache.catalina.startup.HostConfig.deployDirectory Desplegando el directorio [C:\Users\CarlosAdmin\Desktop\Librerias\apache-tomcat-8.5.83-windows-x64\apache-tomcat-8.5.83\webapps\examples] de la aplicación web
14-Nov-2022 09:17:27.285 INFORMACIÓN [localhost-startStop-1] org.apache.catalina.startup.HostConfig.deployDirectory Deployment of web application directory [C:\Users\CarlosAdmin\Desktop\Librerias\apache-tomcat-8.5.83-windows-x64\apache-tomcat-8.5.83\webapps\examples] has finished in [1.356] ms
14-Nov-2022 09:17:27.316 INFORMACIÓN [localhost-startStop-1] org.apache.catalina.startup.HostConfig.deployDirectory Desplegando el directorio [C:\Users\CarlosAdmin\Desktop\Librerias\apache-tomcat-8.5.83-windows-x64\apache-tomcat-8.5.83\webapps\host-manager] de la aplicación web
14-Nov-2022 09:17:27.527 INFORMACIÓN [localhost-startStop-1] org.apache.catalina.startup.HostConfig.deployDirectory Deployment of web application directory [C:\Users\CarlosAdmin\Desktop\Librerias\apache-tomcat-8.5.83-windows-x64\apache-tomcat-8.5.83\webapps\host-manager] has finished in [212] ms
14-Nov-2022 09:17:27.527 INFORMACIÓN [localhost-startStop-1] org.apache.catalina.startup.HostConfig.deployDirectory Desplegando el directorio [C:\Users\CarlosAdmin\Desktop\Librerias\apache-tomcat-8.5.83-windows-x64\apache-tomcat-8.5.83\webapps\manager] de la aplicación web
14-Nov-2022 09:17:27.622 INFORMACIÓN [localhost-startStop-1] org.apache.catalina.startup.HostConfig.deployDirectory Deployment of web application directory [C:\Users\CarlosAdmin\Desktop\Librerias\apache-tomcat-8.5.83-windows-x64\apache-tomcat-8.5.83\webapps\manager] has finished in [95] ms
14-Nov-2022 09:17:27.622 INFORMACIÓN [localhost-startStop-1] org.apache.catalina.startup.HostConfig.deployDirectory Desplegando el directorio [C:\Users\CarlosAdmin\Desktop\Librerias\apache-tomcat-8.5.83-windows-x64\apache-tomcat-8.5.83\webapps\ROOT] de la aplicación web
14-Nov-2022 09:17:27.699 INFORMACIÓN [localhost-startStop-1] org.apache.catalina.startup.HostConfig.deployDirectory Deployment of web application directory [C:\Users\CarlosAdmin\Desktop\Librerias\apache-tomcat-8.5.83-windows-x64\apache-tomcat-8.5.83\webapps\ROOT] has finished in [77] ms
14-Nov-2022 09:17:27.722 INFORMACIÓN [main] org.apache.coyote.AbstractProtocol.start Starting ProtocolHandler ["http-nio-8080"]
14-Nov-2022 09:17:27.775 INFORMACIÓN [main] org.apache.catalina.startup.Catalina.start Server startup in 3120 ms
14-Nov-2022 09:17:48.388 INFORMACIÓN [http-nio-8080-exec-10] org.apache.catalina.startup.HostConfig.deployDescriptor Desplieque del descriptor de configuración [C:\Users\CarlosAdmin\Desktop\Librerias\apache-tomcat-8.5.83-windows-x64\apache-tomcat-8.5.83\conf\Catalina\localhost\PruebaJSP.xml]
14-Nov-2022 09:17:48.477 INFORMACIÓN [http-nio-8080-exec-10] org.apache.catalina.startup.HostConfig.deployDescriptor Deployment of deployment descriptor [C:\Users\CarlosAdmin\Desktop\Librerias\apache-tomcat-8.5.83-windows-x64\apache-tomcat-8.5.83\conf\Catalina\localhost\PruebaJSP.xml] has finished in [88] ms
14-Nov-2022 09:17:48.490 INFORMACIÓN [http-nio-8080-exec-10] org.apache.catalina.util.LifecycleBase.start The start() method was called on component [StandardEngine[Catalina].StandardHost[localhost].StandardContext[/PruebaJSP]] after start() had already been called. The second call will be ignored.
14-Nov-2022 09:29:38.456 INFORMACIÓN [http-nio-8080-exec-1] org.apache.catalina.core.StandardContext.reload Ha comenzado la recarga de Contexto [/PruebaJSP]
14-Nov-2022 09:29:38.800 INFORMACIÓN [http-nio-8080-exec-1] org.apache.catalina.core.StandardContext.reload Se ha completado la recarga de este Contexto
14-Nov-2022 09:29:38.965 INFORMACIÓN [http-nio-8080-exec-4] org.apache.catalina.core.StandardContext.reload Ha comenzado la recarga de Contexto [/PruebaJSP]
14-Nov-2022 09:29:39.142 INFORMACIÓN [http-nio-8080-exec-4] org.apache.catalina.core.StandardContext.reload Se ha completado la recarga de este Contexto
14-Nov-2022 09:50:34.804 INFORMACIÓN [http-nio-8080-exec-12] org.apache.catalina.core.StandardContext.reload Ha comenzado la recarga de Contexto [/PruebaJSP]
14-Nov-2022 09:50:34.981 INFORMACIÓN [http-nio-8080-exec-12] org.apache.catalina.core.StandardContext.reload Se ha completado la recarga de este Contexto
14-Nov-2022 10:18:45.444 INFORMACIÓN [http-nio-8080-exec-23] org.apache.catalina.core.StandardContext.reload Ha comenzado la recarga de Contexto [/PruebaJSP]
14-Nov-2022 10:18:45.535 INFORMACIÓN [http-nio-8080-exec-23] org.apache.catalina.core.StandardContext.reload Se ha completado la recarga de este Contexto
14-Nov-2022 10:18:46.554 INFORMACIÓN [http-nio-8080-exec-22] org.apache.catalina.core.StandardContext.reload Ha comenzado la recarga de Contexto [/PruebaJSP]
14-Nov-2022 10:18:46.612 INFORMACIÓN [http-nio-8080-exec-22] org.apache.catalina.core.StandardContext.reload Se ha completado la recarga de este Contexto
14-Nov-2022 10:33:04.936 INFORMACIÓN [http-nio-8080-exec-33] org.apache.catalina.core.StandardContext.reload Ha comenzado la recarga de Contexto [/PruebaJSP]
14-Nov-2022 10:33:05.080 INFORMACIÓN [http-nio-8080-exec-33] org.apache.catalina.core.StandardContext.reload Se ha completado la recarga de este Contexto
14-Nov-2022 10:42:11.828 INFORMACIÓN [http-nio-8080-exec-43] org.apache.catalina.core.StandardContext.reload Ha comenzado la recarga de Contexto [/PruebaJSP]
14-Nov-2022 10:42:12.028 INFORMACIÓN [http-nio-8080-exec-43] org.apache.catalina.core.StandardContext.reload Se ha completado la recarga de este Contexto
14-Nov-2022 10:46:57.768 INFORMACIÓN [http-nio-8080-exec-53] org.apache.catalina.core.StandardContext.reload Ha comenzado la recarga de Contexto [/PruebaJSP]
14-Nov-2022 10:46:57.984 INFORMACIÓN [http-nio-8080-exec-53] org.apache.catalina.core.StandardContext.reload Se ha completado la recarga de este Contexto
14-Nov-2022 10:50:15.246 INFORMACIÓN [http-nio-8080-exec-51] org.apache.catalina.core.StandardContext.reload Ha comenzado la recarga de Contexto [/PruebaJSP]
14-Nov-2022 10:50:15.317 INFORMACIÓN [http-nio-8080-exec-51] org.apache.catalina.core.StandardContext.reload Se ha completado la recarga de este Contexto
14-Nov-2022 11:04:03.431 INFORMACIÓN [main] org.apache.catalina.core.StandardServer.await Se ha recibido un comando de apagado a través del puerto de apagado. Parando la instancia del Servidor.
14-Nov-2022 11:04:03.432 INFORMACIÓN [main] org.apache.coyote.AbstractProtocol.pause Pausing ProtocolHandler ["http-nio-8080"]
14-Nov-2022 11:04:04.020 INFORMACIÓN [main] org.apache.catalina.core.StandardService.stopInternal Parando servicio [Catalina]
14-Nov-2022 11:04:04.136 INFORMACIÓN [main] org.apache.coyote.AbstractProtocol.stop Stopping ProtocolHandler ["http-nio-8080"]
14-Nov-2022 11:04:04.160 INFORMACIÓN [main] org.apache.coyote.AbstractProtocol.destroy Destroying ProtocolHandler ["http-nio-8080"]
14-Nov-2022 11:09:09.556 INFORMACIÓN [main] org.apache.catalina.startup.VersionLoggerListener.log Nombre de la versión del servidor: Apache Tomcat/8.5.83
14-Nov-2022 11:09:09.563 INFORMACIÓN [main] org.apache.catalina.startup.VersionLoggerListener.log Server built:                      Oct 3 2022 21:11:09 UTC
14-Nov-2022 11:09:09.564 INFORMACIÓN [main] org.apache.catalina.startup.VersionLoggerListener.log Número de versión de servidor:     8.5.83.0
14-Nov-2022 11:09:09.564 INFORMACIÓN [main] org.apache.catalina.startup.VersionLoggerListener.log OS Name:                           Windows 10
14-Nov-2022 11:09:09.564 INFORMACIÓN [main] org.apache.catalina.startup.VersionLoggerListener.log Versión de Systema Operativo:      10.0
14-Nov-2022 11:09:09.564 INFORMACIÓN [main] org.apache.catalina.startup.VersionLoggerListener.log Arquitectura:                      amd64
14-Nov-2022 11:09:09.564 INFORMACIÓN [main] org.apache.catalina.startup.VersionLoggerListener.log Java Home:                         C:\Program Files\Java\jdk1.8.0_341\jre
14-Nov-2022 11:09:09.564 INFORMACIÓN [main] org.apache.catalina.startup.VersionLoggerListener.log JVM Version:                       1.8.0_341-b10
14-Nov-2022 11:09:09.564 INFORMACIÓN [main] org.apache.catalina.startup.VersionLoggerListener.log Vededor JVM:                       Oracle Corporation
14-Nov-2022 11:09:09.564 INFORMACIÓN [main] org.apache.catalina.startup.VersionLoggerListener.log CATALINA_BASE:                     C:\Users\CarlosAdmin\Desktop\Librerias\apache-tomcat-8.5.83-windows-x64\apache-tomcat-8.5.83
14-Nov-2022 11:09:09.565 INFORMACIÓN [main] org.apache.catalina.startup.VersionLoggerListener.log CATALINA_HOME:                     C:\Users\CarlosAdmin\Desktop\Librerias\apache-tomcat-8.5.83-windows-x64\apache-tomcat-8.5.83
14-Nov-2022 11:09:09.565 INFORMACIÓN [main] org.apache.catalina.startup.VersionLoggerListener.log Command line argument:             -Djava.util.logging.config.file=C:\Users\CarlosAdmin\Desktop\Librerias\apache-tomcat-8.5.83-windows-x64\apache-tomcat-8.5.83\conf\logging.properties
14-Nov-2022 11:09:09.565 INFORMACIÓN [main] org.apache.catalina.startup.VersionLoggerListener.log Command line argument:             -Djava.util.logging.manager=org.apache.juli.ClassLoaderLogManager
14-Nov-2022 11:09:09.566 INFORMACIÓN [main] org.apache.catalina.startup.VersionLoggerListener.log Command line argument:             -Dhttp.nonProxyHosts=localhost|127.0.0.1|DESKTOP-8NAV08A
14-Nov-2022 11:09:09.566 INFORMACIÓN [main] org.apache.catalina.startup.VersionLoggerListener.log Command line argument:             -Djdk.tls.ephemeralDHKeySize=2048
14-Nov-2022 11:09:09.566 INFORMACIÓN [main] org.apache.catalina.startup.VersionLoggerListener.log Command line argument:             -Djava.protocol.handler.pkgs=org.apache.catalina.webresources
14-Nov-2022 11:09:09.566 INFORMACIÓN [main] org.apache.catalina.startup.VersionLoggerListener.log Command line argument:             -Dignore.endorsed.dirs=
14-Nov-2022 11:09:09.566 INFORMACIÓN [main] org.apache.catalina.startup.VersionLoggerListener.log Command line argument:             -Dcatalina.base=C:\Users\CarlosAdmin\Desktop\Librerias\apache-tomcat-8.5.83-windows-x64\apache-tomcat-8.5.83
14-Nov-2022 11:09:09.566 INFORMACIÓN [main] org.apache.catalina.startup.VersionLoggerListener.log Command line argument:             -Dcatalina.home=C:\Users\CarlosAdmin\Desktop\Librerias\apache-tomcat-8.5.83-windows-x64\apache-tomcat-8.5.83
14-Nov-2022 11:09:09.566 INFORMACIÓN [main] org.apache.catalina.startup.VersionLoggerListener.log Command line argument:             -Djava.io.tmpdir=C:\Users\CarlosAdmin\Desktop\Librerias\apache-tomcat-8.5.83-windows-x64\apache-tomcat-8.5.83\temp
14-Nov-2022 11:09:09.567 INFORMACIÓN [main] org.apache.catalina.core.AprLifecycleListener.lifecycleEvent Cargada la biblioteca nativa APR de Apache Tomcat [1.2.35] con la versión APR [1.7.0].
14-Nov-2022 11:09:09.567 INFORMACIÓN [main] org.apache.catalina.core.AprLifecycleListener.lifecycleEvent Capacidades APR: IPv6 [true], enviar fichero [true], aceptar filtros [false], aleatorio [true], UDS [{4}].
14-Nov-2022 11:09:09.706 INFORMACIÓN [main] org.apache.catalina.core.AprLifecycleListener.lifecycleEvent APR/OpenSSL configuration: useAprConnector [false], useOpenSSL [true]
14-Nov-2022 11:09:09.847 INFORMACIÓN [main] org.apache.catalina.core.AprLifecycleListener.initializeSSL OpenSSL inicializado correctamente [OpenSSL 1.1.1q  5 Jul 2022]
14-Nov-2022 11:09:10.827 INFORMACIÓN [main] org.apache.coyote.AbstractProtocol.init Inicializando el manejador de protocolo ["http-nio-8080"]

14-Nov-2022 11:09:11.135 INFORMACIÓN [main] org.apache.catalina.startup.Catalina.load Initialization processed in 3501 ms
14-Nov-2022 11:09:11.484 INFORMACIÓN [main] org.apache.catalina.core.StandardService.startInternal Arrancando servicio [Catalina]
14-Nov-2022 11:09:11.485 INFORMACIÓN [main] org.apache.catalina.core.StandardEngine.startInternal Starting Servlet engine: [Apache Tomcat/8.5.83]
14-Nov-2022 11:09:11.535 INFORMACIÓN [localhost-startStop-1] org.apache.catalina.startup.HostConfig.deployDescriptor Desplieque del descriptor de configuración [C:\Users\CarlosAdmin\Desktop\Librerias\apache-tomcat-8.5.83-windows-x64\apache-tomcat-8.5.83\conf\Catalina\localhost\PruebaJSP.xml]
14-Nov-2022 11:09:12.394 ADVERTENCIA [localhost-startStop-1] org.apache.catalina.util.SessionIdGeneratorBase.createSecureRandom Creation of SecureRandom instance for session ID generation using [SHA1PRNG] took [308] milliseconds.
14-Nov-2022 11:09:12.477 INFORMACIÓN [localhost-startStop-1] org.apache.catalina.startup.HostConfig.deployDescriptor Deployment of deployment descriptor [C:\Users\CarlosAdmin\Desktop\Librerias\apache-tomcat-8.5.83-windows-x64\apache-tomcat-8.5.83\conf\Catalina\localhost\PruebaJSP.xml] has finished in [942] ms
14-Nov-2022 11:09:12.479 INFORMACIÓN [localhost-startStop-1] org.apache.catalina.startup.HostConfig.deployDirectory Desplegando el directorio [C:\Users\CarlosAdmin\Desktop\Librerias\apache-tomcat-8.5.83-windows-x64\apache-tomcat-8.5.83\webapps\docs] de la aplicación web
14-Nov-2022 11:09:12.590 INFORMACIÓN [localhost-startStop-1] org.apache.catalina.startup.HostConfig.deployDirectory Deployment of web application directory [C:\Users\CarlosAdmin\Desktop\Librerias\apache-tomcat-8.5.83-windows-x64\apache-tomcat-8.5.83\webapps\docs] has finished in [111] ms
14-Nov-2022 11:09:12.591 INFORMACIÓN [localhost-startStop-1] org.apache.catalina.startup.HostConfig.deployDirectory Desplegando el directorio [C:\Users\CarlosAdmin\Desktop\Librerias\apache-tomcat-8.5.83-windows-x64\apache-tomcat-8.5.83\webapps\examples] de la aplicación web
14-Nov-2022 11:09:13.683 INFORMACIÓN [localhost-startStop-1] org.apache.catalina.startup.HostConfig.deployDirectory Deployment of web application directory [C:\Users\CarlosAdmin\Desktop\Librerias\apache-tomcat-8.5.83-windows-x64\apache-tomcat-8.5.83\webapps\examples] has finished in [1.093] ms
14-Nov-2022 11:09:13.684 INFORMACIÓN [localhost-startStop-1] org.apache.catalina.startup.HostConfig.deployDirectory Desplegando el directorio [C:\Users\CarlosAdmin\Desktop\Librerias\apache-tomcat-8.5.83-windows-x64\apache-tomcat-8.5.83\webapps\host-manager] de la aplicación web
14-Nov-2022 11:09:13.856 INFORMACIÓN [localhost-startStop-1] org.apache.catalina.startup.HostConfig.deployDirectory Deployment of web application directory [C:\Users\CarlosAdmin\Desktop\Librerias\apache-tomcat-8.5.83-windows-x64\apache-tomcat-8.5.83\webapps\host-manager] has finished in [172] ms
14-Nov-2022 11:09:13.856 INFORMACIÓN [localhost-startStop-1] org.apache.catalina.startup.HostConfig.deployDirectory Desplegando el directorio [C:\Users\CarlosAdmin\Desktop\Librerias\apache-tomcat-8.5.83-windows-x64\apache-tomcat-8.5.83\webapps\manager] de la aplicación web
14-Nov-2022 11:09:14.011 INFORMACIÓN [localhost-startStop-1] org.apache.catalina.startup.HostConfig.deployDirectory Deployment of web application directory [C:\Users\CarlosAdmin\Desktop\Librerias\apache-tomcat-8.5.83-windows-x64\apache-tomcat-8.5.83\webapps\manager] has finished in [155] ms
14-Nov-2022 11:09:14.011 INFORMACIÓN [localhost-startStop-1] org.apache.catalina.startup.HostConfig.deployDirectory Desplegando el directorio [C:\Users\CarlosAdmin\Desktop\Librerias\apache-tomcat-8.5.83-windows-x64\apache-tomcat-8.5.83\webapps\ROOT] de la aplicación web
14-Nov-2022 11:09:14.049 INFORMACIÓN [localhost-startStop-1] org.apache.catalina.startup.HostConfig.deployDirectory Deployment of web application directory [C:\Users\CarlosAdmin\Desktop\Librerias\apache-tomcat-8.5.83-windows-x64\apache-tomcat-8.5.83\webapps\ROOT] has finished in [38] ms
14-Nov-2022 11:09:14.085 INFORMACIÓN [main] org.apache.coyote.AbstractProtocol.start Starting ProtocolHandler ["http-nio-8080"]
14-Nov-2022 11:09:14.129 INFORMACIÓN [main] org.apache.catalina.startup.Catalina.start Server startup in 2993 ms
14-Nov-2022 11:16:59.879 INFORMACIÓN [http-nio-8080-exec-7] org.apache.catalina.core.StandardContext.reload Ha comenzado la recarga de Contexto [/PruebaJSP]
14-Nov-2022 11:17:10.316 INFORMACIÓN [http-nio-8080-exec-7] org.apache.jasper.servlet.TldScanner.scanJars Al menos un JAR, que se ha explorado buscando TLDs, aún no contenía TLDs. Activar historial de depuración para este historiador para una completa lista de los JARs que fueron explorados y de los que nos se halló TLDs. Saltarse JARs no necesarios durante la exploración puede dar lugar a una mejora de tiempo significativa en el arranque y compilación de JSP .
14-Nov-2022 11:17:10.328 INFORMACIÓN [http-nio-8080-exec-7] org.apache.catalina.core.StandardContext.reload Se ha completado la recarga de este Contexto
14-Nov-2022 11:17:10.730 INFORMACIÓN [http-nio-8080-exec-8] org.apache.catalina.core.StandardContext.reload Ha comenzado la recarga de Contexto [/PruebaJSP]
14-Nov-2022 11:17:14.629 INFORMACIÓN [http-nio-8080-exec-8] org.apache.jasper.servlet.TldScanner.scanJars Al menos un JAR, que se ha explorado buscando TLDs, aún no contenía TLDs. Activar historial de depuración para este historiador para una completa lista de los JARs que fueron explorados y de los que nos se halló TLDs. Saltarse JARs no necesarios durante la exploración puede dar lugar a una mejora de tiempo significativa en el arranque y compilación de JSP .
14-Nov-2022 11:17:14.643 INFORMACIÓN [http-nio-8080-exec-8] org.apache.catalina.core.StandardContext.reload Se ha completado la recarga de este Contexto
14-Nov-2022 11:17:15.251 INFORMACIÓN [http-nio-8080-exec-5] org.apache.catalina.core.StandardContext.reload Ha comenzado la recarga de Contexto [/PruebaJSP]
14-Nov-2022 11:17:18.940 INFORMACIÓN [http-nio-8080-exec-5] org.apache.jasper.servlet.TldScanner.scanJars Al menos un JAR, que se ha explorado buscando TLDs, aún no contenía TLDs. Activar historial de depuración para este historiador para una completa lista de los JARs que fueron explorados y de los que nos se halló TLDs. Saltarse JARs no necesarios durante la exploración puede dar lugar a una mejora de tiempo significativa en el arranque y compilación de JSP .
14-Nov-2022 11:17:18.948 INFORMACIÓN [http-nio-8080-exec-5] org.apache.catalina.core.StandardContext.reload Se ha completado la recarga de este Contexto
14-Nov-2022 11:21:27.977 INFORMACIÓN [http-nio-8080-exec-20] org.apache.catalina.startup.HostConfig.undeploy Repliegue (undeploy) de la aplicación web que tiene como trayectoria de contexto [/PruebaJSP]
14-Nov-2022 11:31:35.553 INFORMACIÓN [http-nio-8080-exec-26] org.apache.catalina.startup.HostConfig.deployDescriptor Desplieque del descriptor de configuración [C:\Users\CarlosAdmin\Desktop\Librerias\apache-tomcat-8.5.83-windows-x64\apache-tomcat-8.5.83\conf\Catalina\localhost\PruebaJSP.xml]
14-Nov-2022 11:31:38.232 INFORMACIÓN [http-nio-8080-exec-26] org.apache.jasper.servlet.TldScanner.scanJars Al menos un JAR, que se ha explorado buscando TLDs, aún no contenía TLDs. Activar historial de depuración para este historiador para una completa lista de los JARs que fueron explorados y de los que nos se halló TLDs. Saltarse JARs no necesarios durante la exploración puede dar lugar a una mejora de tiempo significativa en el arranque y compilación de JSP .
14-Nov-2022 11:31:38.240 INFORMACIÓN [http-nio-8080-exec-26] org.apache.catalina.startup.HostConfig.deployDescriptor Deployment of deployment descriptor [C:\Users\CarlosAdmin\Desktop\Librerias\apache-tomcat-8.5.83-windows-x64\apache-tomcat-8.5.83\conf\Catalina\localhost\PruebaJSP.xml] has finished in [2.687] ms
14-Nov-2022 11:31:38.247 INFORMACIÓN [http-nio-8080-exec-27] org.apache.catalina.util.LifecycleBase.start The start() method was called on component [StandardEngine[Catalina].StandardHost[localhost].StandardContext[/PruebaJSP]] after start() had already been called. The second call will be ignored.
14-Nov-2022 12:08:35.522 INFORMACIÓN [http-nio-8080-exec-24] org.apache.catalina.core.StandardContext.reload Ha comenzado la recarga de Contexto [/PruebaJSP]
14-Nov-2022 12:08:42.090 INFORMACIÓN [http-nio-8080-exec-24] org.apache.jasper.servlet.TldScanner.scanJars Al menos un JAR, que se ha explorado buscando TLDs, aún no contenía TLDs. Activar historial de depuración para este historiador para una completa lista de los JARs que fueron explorados y de los que nos se halló TLDs. Saltarse JARs no necesarios durante la exploración puede dar lugar a una mejora de tiempo significativa en el arranque y compilación de JSP .
14-Nov-2022 12:08:42.099 INFORMACIÓN [http-nio-8080-exec-24] org.apache.catalina.core.StandardContext.reload Se ha completado la recarga de este Contexto
14-Nov-2022 12:11:07.629 INFORMACIÓN [main] org.apache.catalina.core.StandardServer.await Se ha recibido un comando de apagado a través del puerto de apagado. Parando la instancia del Servidor.
14-Nov-2022 12:11:07.630 INFORMACIÓN [main] org.apache.coyote.AbstractProtocol.pause Pausing ProtocolHandler ["http-nio-8080"]
14-Nov-2022 12:11:07.958 INFORMACIÓN [main] org.apache.catalina.core.StandardService.stopInternal Parando servicio [Catalina]
14-Nov-2022 12:11:08.031 INFORMACIÓN [main] org.apache.coyote.AbstractProtocol.stop Stopping ProtocolHandler ["http-nio-8080"]
14-Nov-2022 12:11:08.058 INFORMACIÓN [main] org.apache.coyote.AbstractProtocol.destroy Destroying ProtocolHandler ["http-nio-8080"]
