17-Nov-2022 11:07:19.599 INFORMACIÓN [main] org.apache.catalina.startup.VersionLoggerListener.log Nombre de la versión del servidor: Apache Tomcat/8.5.83
17-Nov-2022 11:07:19.605 INFORMACIÓN [main] org.apache.catalina.startup.VersionLoggerListener.log Server built:                      Oct 3 2022 21:11:09 UTC
17-Nov-2022 11:07:19.606 INFORMACIÓN [main] org.apache.catalina.startup.VersionLoggerListener.log Número de versión de servidor:     8.5.83.0
17-Nov-2022 11:07:19.606 INFORMACIÓN [main] org.apache.catalina.startup.VersionLoggerListener.log OS Name:                           Windows 10
17-Nov-2022 11:07:19.606 INFORMACIÓN [main] org.apache.catalina.startup.VersionLoggerListener.log Versión de Systema Operativo:      10.0
17-Nov-2022 11:07:19.606 INFORMACIÓN [main] org.apache.catalina.startup.VersionLoggerListener.log Arquitectura:                      amd64
17-Nov-2022 11:07:19.606 INFORMACIÓN [main] org.apache.catalina.startup.VersionLoggerListener.log Java Home:                         C:\Program Files\Java\jdk1.8.0_341\jre
17-Nov-2022 11:07:19.606 INFORMACIÓN [main] org.apache.catalina.startup.VersionLoggerListener.log JVM Version:                       1.8.0_341-b10
17-Nov-2022 11:07:19.607 INFORMACIÓN [main] org.apache.catalina.startup.VersionLoggerListener.log Vededor JVM:                       Oracle Corporation
17-Nov-2022 11:07:19.607 INFORMACIÓN [main] org.apache.catalina.startup.VersionLoggerListener.log CATALINA_BASE:                     C:\Users\CarlosAdmin\Desktop\Librerias\apache-tomcat-8.5.83-windows-x64\apache-tomcat-8.5.83
17-Nov-2022 11:07:19.607 INFORMACIÓN [main] org.apache.catalina.startup.VersionLoggerListener.log CATALINA_HOME:                     C:\Users\CarlosAdmin\Desktop\Librerias\apache-tomcat-8.5.83-windows-x64\apache-tomcat-8.5.83
17-Nov-2022 11:07:19.607 INFORMACIÓN [main] org.apache.catalina.startup.VersionLoggerListener.log Command line argument:             -Djava.util.logging.config.file=C:\Users\CarlosAdmin\Desktop\Librerias\apache-tomcat-8.5.83-windows-x64\apache-tomcat-8.5.83\conf\logging.properties
17-Nov-2022 11:07:19.607 INFORMACIÓN [main] org.apache.catalina.startup.VersionLoggerListener.log Command line argument:             -Djava.util.logging.manager=org.apache.juli.ClassLoaderLogManager
17-Nov-2022 11:07:19.608 INFORMACIÓN [main] org.apache.catalina.startup.VersionLoggerListener.log Command line argument:             -Dhttp.nonProxyHosts=localhost|127.0.0.1|DESKTOP-8NAV08A
17-Nov-2022 11:07:19.608 INFORMACIÓN [main] org.apache.catalina.startup.VersionLoggerListener.log Command line argument:             -Djdk.tls.ephemeralDHKeySize=2048
17-Nov-2022 11:07:19.608 INFORMACIÓN [main] org.apache.catalina.startup.VersionLoggerListener.log Command line argument:             -Djava.protocol.handler.pkgs=org.apache.catalina.webresources
17-Nov-2022 11:07:19.608 INFORMACIÓN [main] org.apache.catalina.startup.VersionLoggerListener.log Command line argument:             -Dignore.endorsed.dirs=
17-Nov-2022 11:07:19.608 INFORMACIÓN [main] org.apache.catalina.startup.VersionLoggerListener.log Command line argument:             -Dcatalina.base=C:\Users\CarlosAdmin\Desktop\Librerias\apache-tomcat-8.5.83-windows-x64\apache-tomcat-8.5.83
17-Nov-2022 11:07:19.609 INFORMACIÓN [main] org.apache.catalina.startup.VersionLoggerListener.log Command line argument:             -Dcatalina.home=C:\Users\CarlosAdmin\Desktop\Librerias\apache-tomcat-8.5.83-windows-x64\apache-tomcat-8.5.83
17-Nov-2022 11:07:19.609 INFORMACIÓN [main] org.apache.catalina.startup.VersionLoggerListener.log Command line argument:             -Djava.io.tmpdir=C:\Users\CarlosAdmin\Desktop\Librerias\apache-tomcat-8.5.83-windows-x64\apache-tomcat-8.5.83\temp
17-Nov-2022 11:07:19.609 INFORMACIÓN [main] org.apache.catalina.core.AprLifecycleListener.lifecycleEvent Cargada la biblioteca nativa APR de Apache Tomcat [1.2.35] con la versión APR [1.7.0].
17-Nov-2022 11:07:19.609 INFORMACIÓN [main] org.apache.catalina.core.AprLifecycleListener.lifecycleEvent Capacidades APR: IPv6 [true], enviar fichero [true], aceptar filtros [false], aleatorio [true], UDS [{4}].
17-Nov-2022 11:07:19.736 INFORMACIÓN [main] org.apache.catalina.core.AprLifecycleListener.lifecycleEvent APR/OpenSSL configuration: useAprConnector [false], useOpenSSL [true]
17-Nov-2022 11:07:19.778 INFORMACIÓN [main] org.apache.catalina.core.AprLifecycleListener.initializeSSL OpenSSL inicializado correctamente [OpenSSL 1.1.1q  5 Jul 2022]
17-Nov-2022 11:07:20.453 INFORMACIÓN [main] org.apache.coyote.AbstractProtocol.init Inicializando el manejador de protocolo ["http-nio-8080"]

17-Nov-2022 11:07:20.537 INFORMACIÓN [main] org.apache.catalina.startup.Catalina.load Initialization processed in 1974 ms
17-Nov-2022 11:07:20.749 INFORMACIÓN [main] org.apache.catalina.core.StandardService.startInternal Arrancando servicio [Catalina]
17-Nov-2022 11:07:20.749 INFORMACIÓN [main] org.apache.catalina.core.StandardEngine.startInternal Starting Servlet engine: [Apache Tomcat/8.5.83]
17-Nov-2022 11:07:20.767 INFORMACIÓN [localhost-startStop-1] org.apache.catalina.startup.HostConfig.deployDescriptor Desplieque del descriptor de configuración [C:\Users\CarlosAdmin\Desktop\Librerias\apache-tomcat-8.5.83-windows-x64\apache-tomcat-8.5.83\conf\Catalina\localhost\PruebaJSP.xml]
17-Nov-2022 11:07:24.357 INFORMACIÓN [localhost-startStop-1] org.apache.jasper.servlet.TldScanner.scanJars Al menos un JAR, que se ha explorado buscando TLDs, aún no contenía TLDs. Activar historial de depuración para este historiador para una completa lista de los JARs que fueron explorados y de los que nos se halló TLDs. Saltarse JARs no necesarios durante la exploración puede dar lugar a una mejora de tiempo significativa en el arranque y compilación de JSP .
17-Nov-2022 11:07:24.840 ADVERTENCIA [localhost-startStop-1] org.apache.catalina.util.SessionIdGeneratorBase.createSecureRandom Creation of SecureRandom instance for session ID generation using [SHA1PRNG] took [440] milliseconds.
17-Nov-2022 11:07:24.951 INFORMACIÓN [localhost-startStop-1] org.apache.catalina.startup.HostConfig.deployDescriptor Deployment of deployment descriptor [C:\Users\CarlosAdmin\Desktop\Librerias\apache-tomcat-8.5.83-windows-x64\apache-tomcat-8.5.83\conf\Catalina\localhost\PruebaJSP.xml] has finished in [4.184] ms
17-Nov-2022 11:07:24.953 INFORMACIÓN [localhost-startStop-1] org.apache.catalina.startup.HostConfig.deployDirectory Desplegando el directorio [C:\Users\CarlosAdmin\Desktop\Librerias\apache-tomcat-8.5.83-windows-x64\apache-tomcat-8.5.83\webapps\docs] de la aplicación web
17-Nov-2022 11:07:27.001 INFORMACIÓN [localhost-startStop-1] org.apache.catalina.startup.HostConfig.deployDirectory Deployment of web application directory [C:\Users\CarlosAdmin\Desktop\Librerias\apache-tomcat-8.5.83-windows-x64\apache-tomcat-8.5.83\webapps\docs] has finished in [2.047] ms
17-Nov-2022 11:07:27.001 INFORMACIÓN [localhost-startStop-1] org.apache.catalina.startup.HostConfig.deployDirectory Desplegando el directorio [C:\Users\CarlosAdmin\Desktop\Librerias\apache-tomcat-8.5.83-windows-x64\apache-tomcat-8.5.83\webapps\examples] de la aplicación web
17-Nov-2022 11:07:27.795 INFORMACIÓN [localhost-startStop-1] org.apache.catalina.startup.HostConfig.deployDirectory Deployment of web application directory [C:\Users\CarlosAdmin\Desktop\Librerias\apache-tomcat-8.5.83-windows-x64\apache-tomcat-8.5.83\webapps\examples] has finished in [794] ms
17-Nov-2022 11:07:27.796 INFORMACIÓN [localhost-startStop-1] org.apache.catalina.startup.HostConfig.deployDirectory Desplegando el directorio [C:\Users\CarlosAdmin\Desktop\Librerias\apache-tomcat-8.5.83-windows-x64\apache-tomcat-8.5.83\webapps\host-manager] de la aplicación web
17-Nov-2022 11:07:27.858 INFORMACIÓN [localhost-startStop-1] org.apache.catalina.startup.HostConfig.deployDirectory Deployment of web application directory [C:\Users\CarlosAdmin\Desktop\Librerias\apache-tomcat-8.5.83-windows-x64\apache-tomcat-8.5.83\webapps\host-manager] has finished in [62] ms
17-Nov-2022 11:07:27.859 INFORMACIÓN [localhost-startStop-1] org.apache.catalina.startup.HostConfig.deployDirectory Desplegando el directorio [C:\Users\CarlosAdmin\Desktop\Librerias\apache-tomcat-8.5.83-windows-x64\apache-tomcat-8.5.83\webapps\manager] de la aplicación web
17-Nov-2022 11:07:27.965 INFORMACIÓN [localhost-startStop-1] org.apache.catalina.startup.HostConfig.deployDirectory Deployment of web application directory [C:\Users\CarlosAdmin\Desktop\Librerias\apache-tomcat-8.5.83-windows-x64\apache-tomcat-8.5.83\webapps\manager] has finished in [106] ms
17-Nov-2022 11:07:27.966 INFORMACIÓN [localhost-startStop-1] org.apache.catalina.startup.HostConfig.deployDirectory Desplegando el directorio [C:\Users\CarlosAdmin\Desktop\Librerias\apache-tomcat-8.5.83-windows-x64\apache-tomcat-8.5.83\webapps\ROOT] de la aplicación web
17-Nov-2022 11:07:28.029 INFORMACIÓN [localhost-startStop-1] org.apache.catalina.startup.HostConfig.deployDirectory Deployment of web application directory [C:\Users\CarlosAdmin\Desktop\Librerias\apache-tomcat-8.5.83-windows-x64\apache-tomcat-8.5.83\webapps\ROOT] has finished in [63] ms
17-Nov-2022 11:07:28.040 INFORMACIÓN [main] org.apache.coyote.AbstractProtocol.start Starting ProtocolHandler ["http-nio-8080"]
17-Nov-2022 11:07:28.096 INFORMACIÓN [main] org.apache.catalina.startup.Catalina.start Server startup in 7558 ms
17-Nov-2022 11:07:34.035 INFORMACIÓN [http-nio-8080-exec-3] org.apache.catalina.core.StandardContext.reload Ha comenzado la recarga de Contexto [/PruebaJSP]
17-Nov-2022 11:07:37.154 INFORMACIÓN [http-nio-8080-exec-3] org.apache.jasper.servlet.TldScanner.scanJars Al menos un JAR, que se ha explorado buscando TLDs, aún no contenía TLDs. Activar historial de depuración para este historiador para una completa lista de los JARs que fueron explorados y de los que nos se halló TLDs. Saltarse JARs no necesarios durante la exploración puede dar lugar a una mejora de tiempo significativa en el arranque y compilación de JSP .
17-Nov-2022 11:07:37.175 INFORMACIÓN [http-nio-8080-exec-3] org.apache.catalina.core.StandardContext.reload Se ha completado la recarga de este Contexto
17-Nov-2022 11:14:56.228 INFORMACIÓN [http-nio-8080-exec-11] org.apache.catalina.core.StandardContext.reload Ha comenzado la recarga de Contexto [/PruebaJSP]
17-Nov-2022 11:15:00.961 INFORMACIÓN [http-nio-8080-exec-11] org.apache.jasper.servlet.TldScanner.scanJars Al menos un JAR, que se ha explorado buscando TLDs, aún no contenía TLDs. Activar historial de depuración para este historiador para una completa lista de los JARs que fueron explorados y de los que nos se halló TLDs. Saltarse JARs no necesarios durante la exploración puede dar lugar a una mejora de tiempo significativa en el arranque y compilación de JSP .
17-Nov-2022 11:15:00.977 INFORMACIÓN [http-nio-8080-exec-11] org.apache.catalina.core.StandardContext.reload Se ha completado la recarga de este Contexto
17-Nov-2022 11:19:24.291 INFORMACIÓN [http-nio-8080-exec-21] org.apache.catalina.core.StandardContext.reload Ha comenzado la recarga de Contexto [/PruebaJSP]
17-Nov-2022 11:19:28.628 INFORMACIÓN [http-nio-8080-exec-21] org.apache.jasper.servlet.TldScanner.scanJars Al menos un JAR, que se ha explorado buscando TLDs, aún no contenía TLDs. Activar historial de depuración para este historiador para una completa lista de los JARs que fueron explorados y de los que nos se halló TLDs. Saltarse JARs no necesarios durante la exploración puede dar lugar a una mejora de tiempo significativa en el arranque y compilación de JSP .
17-Nov-2022 11:19:28.638 INFORMACIÓN [http-nio-8080-exec-21] org.apache.catalina.core.StandardContext.reload Se ha completado la recarga de este Contexto
17-Nov-2022 11:19:29.032 INFORMACIÓN [http-nio-8080-exec-24] org.apache.catalina.core.StandardContext.reload Ha comenzado la recarga de Contexto [/PruebaJSP]
17-Nov-2022 11:19:31.852 INFORMACIÓN [http-nio-8080-exec-24] org.apache.jasper.servlet.TldScanner.scanJars Al menos un JAR, que se ha explorado buscando TLDs, aún no contenía TLDs. Activar historial de depuración para este historiador para una completa lista de los JARs que fueron explorados y de los que nos se halló TLDs. Saltarse JARs no necesarios durante la exploración puede dar lugar a una mejora de tiempo significativa en el arranque y compilación de JSP .
17-Nov-2022 11:19:31.884 INFORMACIÓN [http-nio-8080-exec-24] org.apache.catalina.core.StandardContext.reload Se ha completado la recarga de este Contexto
17-Nov-2022 11:33:14.315 INFORMACIÓN [http-nio-8080-exec-34] org.apache.catalina.core.StandardContext.reload Ha comenzado la recarga de Contexto [/PruebaJSP]
17-Nov-2022 11:33:17.261 INFORMACIÓN [http-nio-8080-exec-34] org.apache.jasper.servlet.TldScanner.scanJars Al menos un JAR, que se ha explorado buscando TLDs, aún no contenía TLDs. Activar historial de depuración para este historiador para una completa lista de los JARs que fueron explorados y de los que nos se halló TLDs. Saltarse JARs no necesarios durante la exploración puede dar lugar a una mejora de tiempo significativa en el arranque y compilación de JSP .
17-Nov-2022 11:33:17.271 INFORMACIÓN [http-nio-8080-exec-34] org.apache.catalina.core.StandardContext.reload Se ha completado la recarga de este Contexto
17-Nov-2022 11:34:03.128 INFORMACIÓN [http-nio-8080-exec-42] org.apache.catalina.core.StandardContext.reload Ha comenzado la recarga de Contexto [/PruebaJSP]
17-Nov-2022 11:34:05.986 INFORMACIÓN [http-nio-8080-exec-42] org.apache.jasper.servlet.TldScanner.scanJars Al menos un JAR, que se ha explorado buscando TLDs, aún no contenía TLDs. Activar historial de depuración para este historiador para una completa lista de los JARs que fueron explorados y de los que nos se halló TLDs. Saltarse JARs no necesarios durante la exploración puede dar lugar a una mejora de tiempo significativa en el arranque y compilación de JSP .
17-Nov-2022 11:34:05.994 INFORMACIÓN [http-nio-8080-exec-42] org.apache.catalina.core.StandardContext.reload Se ha completado la recarga de este Contexto
17-Nov-2022 11:36:02.097 INFORMACIÓN [http-nio-8080-exec-46] org.apache.catalina.core.StandardContext.reload Ha comenzado la recarga de Contexto [/PruebaJSP]
17-Nov-2022 11:36:04.387 INFORMACIÓN [http-nio-8080-exec-46] org.apache.jasper.servlet.TldScanner.scanJars Al menos un JAR, que se ha explorado buscando TLDs, aún no contenía TLDs. Activar historial de depuración para este historiador para una completa lista de los JARs que fueron explorados y de los que nos se halló TLDs. Saltarse JARs no necesarios durante la exploración puede dar lugar a una mejora de tiempo significativa en el arranque y compilación de JSP .
17-Nov-2022 11:36:04.395 INFORMACIÓN [http-nio-8080-exec-46] org.apache.catalina.core.StandardContext.reload Se ha completado la recarga de este Contexto
17-Nov-2022 11:36:36.684 INFORMACIÓN [http-nio-8080-exec-48] org.apache.catalina.core.StandardContext.reload Ha comenzado la recarga de Contexto [/PruebaJSP]
17-Nov-2022 11:36:39.439 INFORMACIÓN [http-nio-8080-exec-48] org.apache.jasper.servlet.TldScanner.scanJars Al menos un JAR, que se ha explorado buscando TLDs, aún no contenía TLDs. Activar historial de depuración para este historiador para una completa lista de los JARs que fueron explorados y de los que nos se halló TLDs. Saltarse JARs no necesarios durante la exploración puede dar lugar a una mejora de tiempo significativa en el arranque y compilación de JSP .
17-Nov-2022 11:36:39.451 INFORMACIÓN [http-nio-8080-exec-48] org.apache.catalina.core.StandardContext.reload Se ha completado la recarga de este Contexto
17-Nov-2022 11:36:51.919 INFORMACIÓN [http-nio-8080-exec-50] org.apache.catalina.core.StandardContext.reload Ha comenzado la recarga de Contexto [/PruebaJSP]
17-Nov-2022 11:36:54.846 INFORMACIÓN [http-nio-8080-exec-50] org.apache.jasper.servlet.TldScanner.scanJars Al menos un JAR, que se ha explorado buscando TLDs, aún no contenía TLDs. Activar historial de depuración para este historiador para una completa lista de los JARs que fueron explorados y de los que nos se halló TLDs. Saltarse JARs no necesarios durante la exploración puede dar lugar a una mejora de tiempo significativa en el arranque y compilación de JSP .
17-Nov-2022 11:36:54.866 INFORMACIÓN [http-nio-8080-exec-50] org.apache.catalina.core.StandardContext.reload Se ha completado la recarga de este Contexto
17-Nov-2022 11:38:32.108 INFORMACIÓN [http-nio-8080-exec-51] org.apache.catalina.core.StandardContext.reload Ha comenzado la recarga de Contexto [/PruebaJSP]
17-Nov-2022 11:38:34.813 INFORMACIÓN [http-nio-8080-exec-51] org.apache.jasper.servlet.TldScanner.scanJars Al menos un JAR, que se ha explorado buscando TLDs, aún no contenía TLDs. Activar historial de depuración para este historiador para una completa lista de los JARs que fueron explorados y de los que nos se halló TLDs. Saltarse JARs no necesarios durante la exploración puede dar lugar a una mejora de tiempo significativa en el arranque y compilación de JSP .
17-Nov-2022 11:38:34.822 INFORMACIÓN [http-nio-8080-exec-51] org.apache.catalina.core.StandardContext.reload Se ha completado la recarga de este Contexto
17-Nov-2022 11:41:06.067 INFORMACIÓN [http-nio-8080-exec-57] org.apache.catalina.core.StandardContext.reload Ha comenzado la recarga de Contexto [/PruebaJSP]
17-Nov-2022 11:41:08.496 INFORMACIÓN [http-nio-8080-exec-57] org.apache.jasper.servlet.TldScanner.scanJars Al menos un JAR, que se ha explorado buscando TLDs, aún no contenía TLDs. Activar historial de depuración para este historiador para una completa lista de los JARs que fueron explorados y de los que nos se halló TLDs. Saltarse JARs no necesarios durante la exploración puede dar lugar a una mejora de tiempo significativa en el arranque y compilación de JSP .
17-Nov-2022 11:41:08.504 INFORMACIÓN [http-nio-8080-exec-57] org.apache.catalina.core.StandardContext.reload Se ha completado la recarga de este Contexto
17-Nov-2022 11:45:02.384 INFORMACIÓN [http-nio-8080-exec-62] org.apache.catalina.core.StandardContext.reload Ha comenzado la recarga de Contexto [/PruebaJSP]
17-Nov-2022 11:45:02.392 ADVERTENCIA [http-nio-8080-exec-62] org.apache.catalina.loader.WebappClassLoaderBase.clearReferencesJdbc La aplicación web [PruebaJSP] registró el conductor JDBC [com.mysql.cj.jdbc.Driver] pero falló al anular el registro mientras la aplicación web estaba parada. Para prevenir un fallo de memoria, se ha anulado el registro del conductor JDBC por la fuerza.
17-Nov-2022 11:45:02.393 ADVERTENCIA [http-nio-8080-exec-62] org.apache.catalina.loader.WebappClassLoaderBase.clearReferencesThreads The web application [PruebaJSP] appears to have started a thread named [mysql-cj-abandoned-connection-cleanup] but has failed to stop it. This is very likely to create a memory leak. Stack trace of thread:
 java.lang.Object.wait(Native Method)
 java.lang.ref.ReferenceQueue.remove(ReferenceQueue.java:150)
 com.mysql.cj.jdbc.AbandonedConnectionCleanupThread.run(AbandonedConnectionCleanupThread.java:91)
 java.util.concurrent.ThreadPoolExecutor.runWorker(ThreadPoolExecutor.java:1149)
 java.util.concurrent.ThreadPoolExecutor$Worker.run(ThreadPoolExecutor.java:624)
 java.lang.Thread.run(Thread.java:750)
17-Nov-2022 11:45:04.337 INFORMACIÓN [81] org.apache.catalina.loader.WebappClassLoaderBase.checkStateForResourceLoading Acceso ilegal: esta instancia de aplicación web ya ha sido parada.  Could not load [].  La eventual traza de pila que sigue ha sido motivada por un error lanzado con motivos de depuración así como para intentar terminar el hilo que motivó el acceso ilegal y no tiene impacto funcional.
	java.lang.IllegalStateException: Acceso ilegal: esta instancia de aplicación web ya ha sido parada.  Could not load [].  La eventual traza de pila que sigue ha sido motivada por un error lanzado con motivos de depuración así como para intentar terminar el hilo que motivó el acceso ilegal y no tiene impacto funcional.
		at org.apache.catalina.loader.WebappClassLoaderBase.checkStateForResourceLoading(WebappClassLoaderBase.java:1440)
		at org.apache.catalina.loader.WebappClassLoaderBase.getResource(WebappClassLoaderBase.java:1065)
		at com.mysql.cj.jdbc.AbandonedConnectionCleanupThread.checkThreadContextClassLoader(AbandonedConnectionCleanupThread.java:123)
		at com.mysql.cj.jdbc.AbandonedConnectionCleanupThread.run(AbandonedConnectionCleanupThread.java:90)
		at java.util.concurrent.ThreadPoolExecutor.runWorker(ThreadPoolExecutor.java:1149)
		at java.util.concurrent.ThreadPoolExecutor$Worker.run(ThreadPoolExecutor.java:624)
		at java.lang.Thread.run(Thread.java:750)
17-Nov-2022 11:45:05.119 INFORMACIÓN [http-nio-8080-exec-62] org.apache.jasper.servlet.TldScanner.scanJars Al menos un JAR, que se ha explorado buscando TLDs, aún no contenía TLDs. Activar historial de depuración para este historiador para una completa lista de los JARs que fueron explorados y de los que nos se halló TLDs. Saltarse JARs no necesarios durante la exploración puede dar lugar a una mejora de tiempo significativa en el arranque y compilación de JSP .
17-Nov-2022 11:45:05.129 INFORMACIÓN [http-nio-8080-exec-62] org.apache.catalina.core.StandardContext.reload Se ha completado la recarga de este Contexto
17-Nov-2022 11:46:55.641 INFORMACIÓN [http-nio-8080-exec-70] org.apache.catalina.core.StandardContext.reload Ha comenzado la recarga de Contexto [/PruebaJSP]
17-Nov-2022 11:46:59.079 INFORMACIÓN [http-nio-8080-exec-70] org.apache.jasper.servlet.TldScanner.scanJars Al menos un JAR, que se ha explorado buscando TLDs, aún no contenía TLDs. Activar historial de depuración para este historiador para una completa lista de los JARs que fueron explorados y de los que nos se halló TLDs. Saltarse JARs no necesarios durante la exploración puede dar lugar a una mejora de tiempo significativa en el arranque y compilación de JSP .
17-Nov-2022 11:46:59.085 INFORMACIÓN [http-nio-8080-exec-70] org.apache.catalina.core.StandardContext.reload Se ha completado la recarga de este Contexto
17-Nov-2022 12:05:49.670 INFORMACIÓN [http-nio-8080-exec-74] org.apache.catalina.core.StandardContext.reload Ha comenzado la recarga de Contexto [/PruebaJSP]
17-Nov-2022 12:05:49.681 ADVERTENCIA [http-nio-8080-exec-74] org.apache.catalina.loader.WebappClassLoaderBase.clearReferencesJdbc La aplicación web [PruebaJSP] registró el conductor JDBC [com.mysql.cj.jdbc.Driver] pero falló al anular el registro mientras la aplicación web estaba parada. Para prevenir un fallo de memoria, se ha anulado el registro del conductor JDBC por la fuerza.
17-Nov-2022 12:05:49.687 ADVERTENCIA [http-nio-8080-exec-74] org.apache.catalina.loader.WebappClassLoaderBase.clearReferencesThreads The web application [PruebaJSP] appears to have started a thread named [mysql-cj-abandoned-connection-cleanup] but has failed to stop it. This is very likely to create a memory leak. Stack trace of thread:
 java.lang.Object.wait(Native Method)
 java.lang.ref.ReferenceQueue.remove(ReferenceQueue.java:150)
 com.mysql.cj.jdbc.AbandonedConnectionCleanupThread.run(AbandonedConnectionCleanupThread.java:91)
 java.util.concurrent.ThreadPoolExecutor.runWorker(ThreadPoolExecutor.java:1149)
 java.util.concurrent.ThreadPoolExecutor$Worker.run(ThreadPoolExecutor.java:624)
 java.lang.Thread.run(Thread.java:750)
17-Nov-2022 12:05:51.718 INFORMACIÓN [mysql-cj-abandoned-connection-cleanup] org.apache.catalina.loader.WebappClassLoaderBase.checkStateForResourceLoading Acceso ilegal: esta instancia de aplicación web ya ha sido parada.  Could not load [].  La eventual traza de pila que sigue ha sido motivada por un error lanzado con motivos de depuración así como para intentar terminar el hilo que motivó el acceso ilegal y no tiene impacto funcional.
	java.lang.IllegalStateException: Acceso ilegal: esta instancia de aplicación web ya ha sido parada.  Could not load [].  La eventual traza de pila que sigue ha sido motivada por un error lanzado con motivos de depuración así como para intentar terminar el hilo que motivó el acceso ilegal y no tiene impacto funcional.
		at org.apache.catalina.loader.WebappClassLoaderBase.checkStateForResourceLoading(WebappClassLoaderBase.java:1440)
		at org.apache.catalina.loader.WebappClassLoaderBase.getResource(WebappClassLoaderBase.java:1065)
		at com.mysql.cj.jdbc.AbandonedConnectionCleanupThread.checkThreadContextClassLoader(AbandonedConnectionCleanupThread.java:123)
		at com.mysql.cj.jdbc.AbandonedConnectionCleanupThread.run(AbandonedConnectionCleanupThread.java:90)
		at java.util.concurrent.ThreadPoolExecutor.runWorker(ThreadPoolExecutor.java:1149)
		at java.util.concurrent.ThreadPoolExecutor$Worker.run(ThreadPoolExecutor.java:624)
		at java.lang.Thread.run(Thread.java:750)
17-Nov-2022 12:05:53.763 INFORMACIÓN [http-nio-8080-exec-74] org.apache.jasper.servlet.TldScanner.scanJars Al menos un JAR, que se ha explorado buscando TLDs, aún no contenía TLDs. Activar historial de depuración para este historiador para una completa lista de los JARs que fueron explorados y de los que nos se halló TLDs. Saltarse JARs no necesarios durante la exploración puede dar lugar a una mejora de tiempo significativa en el arranque y compilación de JSP .
17-Nov-2022 12:05:53.772 INFORMACIÓN [http-nio-8080-exec-74] org.apache.catalina.core.StandardContext.reload Se ha completado la recarga de este Contexto
17-Nov-2022 12:06:55.603 INFORMACIÓN [http-nio-8080-exec-87] org.apache.catalina.core.StandardContext.reload Ha comenzado la recarga de Contexto [/PruebaJSP]
17-Nov-2022 12:06:55.609 ADVERTENCIA [http-nio-8080-exec-87] org.apache.catalina.loader.WebappClassLoaderBase.clearReferencesJdbc La aplicación web [PruebaJSP] registró el conductor JDBC [com.mysql.cj.jdbc.Driver] pero falló al anular el registro mientras la aplicación web estaba parada. Para prevenir un fallo de memoria, se ha anulado el registro del conductor JDBC por la fuerza.
17-Nov-2022 12:06:55.612 ADVERTENCIA [http-nio-8080-exec-87] org.apache.catalina.loader.WebappClassLoaderBase.clearReferencesThreads The web application [PruebaJSP] appears to have started a thread named [mysql-cj-abandoned-connection-cleanup] but has failed to stop it. This is very likely to create a memory leak. Stack trace of thread:
 java.lang.Object.wait(Native Method)
 java.lang.ref.ReferenceQueue.remove(ReferenceQueue.java:150)
 com.mysql.cj.jdbc.AbandonedConnectionCleanupThread.run(AbandonedConnectionCleanupThread.java:91)
 java.util.concurrent.ThreadPoolExecutor.runWorker(ThreadPoolExecutor.java:1149)
 java.util.concurrent.ThreadPoolExecutor$Worker.run(ThreadPoolExecutor.java:624)
 java.lang.Thread.run(Thread.java:750)
17-Nov-2022 12:06:56.173 INFORMACIÓN [108] org.apache.catalina.loader.WebappClassLoaderBase.checkStateForResourceLoading Acceso ilegal: esta instancia de aplicación web ya ha sido parada.  Could not load [].  La eventual traza de pila que sigue ha sido motivada por un error lanzado con motivos de depuración así como para intentar terminar el hilo que motivó el acceso ilegal y no tiene impacto funcional.
	java.lang.IllegalStateException: Acceso ilegal: esta instancia de aplicación web ya ha sido parada.  Could not load [].  La eventual traza de pila que sigue ha sido motivada por un error lanzado con motivos de depuración así como para intentar terminar el hilo que motivó el acceso ilegal y no tiene impacto funcional.
		at org.apache.catalina.loader.WebappClassLoaderBase.checkStateForResourceLoading(WebappClassLoaderBase.java:1440)
		at org.apache.catalina.loader.WebappClassLoaderBase.getResource(WebappClassLoaderBase.java:1065)
		at com.mysql.cj.jdbc.AbandonedConnectionCleanupThread.checkThreadContextClassLoader(AbandonedConnectionCleanupThread.java:123)
		at com.mysql.cj.jdbc.AbandonedConnectionCleanupThread.run(AbandonedConnectionCleanupThread.java:90)
		at java.util.concurrent.ThreadPoolExecutor.runWorker(ThreadPoolExecutor.java:1149)
		at java.util.concurrent.ThreadPoolExecutor$Worker.run(ThreadPoolExecutor.java:624)
		at java.lang.Thread.run(Thread.java:750)
17-Nov-2022 12:06:58.415 INFORMACIÓN [http-nio-8080-exec-87] org.apache.jasper.servlet.TldScanner.scanJars Al menos un JAR, que se ha explorado buscando TLDs, aún no contenía TLDs. Activar historial de depuración para este historiador para una completa lista de los JARs que fueron explorados y de los que nos se halló TLDs. Saltarse JARs no necesarios durante la exploración puede dar lugar a una mejora de tiempo significativa en el arranque y compilación de JSP .
17-Nov-2022 12:06:58.439 INFORMACIÓN [http-nio-8080-exec-87] org.apache.catalina.core.StandardContext.reload Se ha completado la recarga de este Contexto
17-Nov-2022 12:14:25.303 INFORMACIÓN [http-nio-8080-exec-97] org.apache.catalina.core.StandardContext.reload Ha comenzado la recarga de Contexto [/PruebaJSP]
17-Nov-2022 12:14:25.312 ADVERTENCIA [http-nio-8080-exec-97] org.apache.catalina.loader.WebappClassLoaderBase.clearReferencesJdbc La aplicación web [PruebaJSP] registró el conductor JDBC [com.mysql.cj.jdbc.Driver] pero falló al anular el registro mientras la aplicación web estaba parada. Para prevenir un fallo de memoria, se ha anulado el registro del conductor JDBC por la fuerza.
17-Nov-2022 12:14:25.313 ADVERTENCIA [http-nio-8080-exec-97] org.apache.catalina.loader.WebappClassLoaderBase.clearReferencesThreads The web application [PruebaJSP] appears to have started a thread named [mysql-cj-abandoned-connection-cleanup] but has failed to stop it. This is very likely to create a memory leak. Stack trace of thread:
 java.lang.Object.wait(Native Method)
 java.lang.ref.ReferenceQueue.remove(ReferenceQueue.java:150)
 com.mysql.cj.jdbc.AbandonedConnectionCleanupThread.run(AbandonedConnectionCleanupThread.java:91)
 java.util.concurrent.ThreadPoolExecutor.runWorker(ThreadPoolExecutor.java:1149)
 java.util.concurrent.ThreadPoolExecutor$Worker.run(ThreadPoolExecutor.java:624)
 java.lang.Thread.run(Thread.java:750)
17-Nov-2022 12:14:26.567 INFORMACIÓN [117] org.apache.catalina.loader.WebappClassLoaderBase.checkStateForResourceLoading Acceso ilegal: esta instancia de aplicación web ya ha sido parada.  Could not load [].  La eventual traza de pila que sigue ha sido motivada por un error lanzado con motivos de depuración así como para intentar terminar el hilo que motivó el acceso ilegal y no tiene impacto funcional.
	java.lang.IllegalStateException: Acceso ilegal: esta instancia de aplicación web ya ha sido parada.  Could not load [].  La eventual traza de pila que sigue ha sido motivada por un error lanzado con motivos de depuración así como para intentar terminar el hilo que motivó el acceso ilegal y no tiene impacto funcional.
		at org.apache.catalina.loader.WebappClassLoaderBase.checkStateForResourceLoading(WebappClassLoaderBase.java:1440)
		at org.apache.catalina.loader.WebappClassLoaderBase.getResource(WebappClassLoaderBase.java:1065)
		at com.mysql.cj.jdbc.AbandonedConnectionCleanupThread.checkThreadContextClassLoader(AbandonedConnectionCleanupThread.java:123)
		at com.mysql.cj.jdbc.AbandonedConnectionCleanupThread.run(AbandonedConnectionCleanupThread.java:90)
		at java.util.concurrent.ThreadPoolExecutor.runWorker(ThreadPoolExecutor.java:1149)
		at java.util.concurrent.ThreadPoolExecutor$Worker.run(ThreadPoolExecutor.java:624)
		at java.lang.Thread.run(Thread.java:750)
17-Nov-2022 12:14:28.016 INFORMACIÓN [http-nio-8080-exec-97] org.apache.jasper.servlet.TldScanner.scanJars Al menos un JAR, que se ha explorado buscando TLDs, aún no contenía TLDs. Activar historial de depuración para este historiador para una completa lista de los JARs que fueron explorados y de los que nos se halló TLDs. Saltarse JARs no necesarios durante la exploración puede dar lugar a una mejora de tiempo significativa en el arranque y compilación de JSP .
17-Nov-2022 12:14:28.023 INFORMACIÓN [http-nio-8080-exec-97] org.apache.catalina.core.StandardContext.reload Se ha completado la recarga de este Contexto
17-Nov-2022 12:14:39.640 INFORMACIÓN [Finalizer] org.apache.catalina.loader.WebappClassLoaderBase.checkStateForResourceLoading Acceso ilegal: esta instancia de aplicación web ya ha sido parada.  Could not load [com.mysql.cj.exceptions.ExceptionFactory].  La eventual traza de pila que sigue ha sido motivada por un error lanzado con motivos de depuración así como para intentar terminar el hilo que motivó el acceso ilegal y no tiene impacto funcional.
	java.lang.IllegalStateException: Acceso ilegal: esta instancia de aplicación web ya ha sido parada.  Could not load [com.mysql.cj.exceptions.ExceptionFactory].  La eventual traza de pila que sigue ha sido motivada por un error lanzado con motivos de depuración así como para intentar terminar el hilo que motivó el acceso ilegal y no tiene impacto funcional.
		at org.apache.catalina.loader.WebappClassLoaderBase.checkStateForResourceLoading(WebappClassLoaderBase.java:1440)
		at org.apache.catalina.loader.WebappClassLoaderBase.checkStateForClassLoading(WebappClassLoaderBase.java:1428)
		at org.apache.catalina.loader.WebappClassLoaderBase.loadClass(WebappClassLoaderBase.java:1267)
		at org.apache.catalina.loader.WebappClassLoaderBase.loadClass(WebappClassLoaderBase.java:1228)
		at com.mysql.cj.protocol.a.NativeProtocol.send(NativeProtocol.java:628)
		at com.mysql.cj.protocol.a.NativeProtocol.quit(NativeProtocol.java:1336)
		at com.mysql.cj.NativeSession.quit(NativeSession.java:149)
		at com.mysql.cj.jdbc.ConnectionImpl.realClose(ConnectionImpl.java:1721)
		at com.mysql.cj.jdbc.ConnectionImpl.close(ConnectionImpl.java:713)
		at org.eclipse.persistence.internal.databaseaccess.DatabaseAccessor.closeDatasourceConnection(DatabaseAccessor.java:493)
		at org.eclipse.persistence.internal.databaseaccess.DatasourceAccessor.disconnect(DatasourceAccessor.java:497)
		at org.eclipse.persistence.internal.databaseaccess.DatabaseAccessor.disconnect(DatabaseAccessor.java:506)
		at org.eclipse.persistence.internal.sessions.DatabaseSessionImpl.disconnect(DatabaseSessionImpl.java:415)
		at org.eclipse.persistence.sessions.server.ServerSession.disconnect(ServerSession.java:504)
		at org.eclipse.persistence.internal.sessions.DatabaseSessionImpl.logout(DatabaseSessionImpl.java:931)
		at org.eclipse.persistence.sessions.server.ServerSession.logout(ServerSession.java:776)
		at org.eclipse.persistence.internal.jpa.EntityManagerSetupImpl.removeSessionFromGlobalSessionManager(EntityManagerSetupImpl.java:511)
		at org.eclipse.persistence.internal.jpa.EntityManagerSetupImpl.undeploy(EntityManagerSetupImpl.java:2850)
		at org.eclipse.persistence.internal.jpa.EntityManagerFactoryDelegate.close(EntityManagerFactoryDelegate.java:267)
		at org.eclipse.persistence.internal.jpa.EntityManagerFactoryDelegate.finalize(EntityManagerFactoryDelegate.java:344)
		at java.lang.System$2.invokeFinalize(System.java:1270)
		at java.lang.ref.Finalizer.runFinalizer(Finalizer.java:102)
		at java.lang.ref.Finalizer.access$100(Finalizer.java:34)
		at java.lang.ref.Finalizer$FinalizerThread.run(Finalizer.java:217)
17-Nov-2022 12:17:44.295 INFORMACIÓN [http-nio-8080-exec-103] org.apache.catalina.core.StandardContext.reload Ha comenzado la recarga de Contexto [/PruebaJSP]
17-Nov-2022 12:17:44.308 ADVERTENCIA [http-nio-8080-exec-103] org.apache.catalina.loader.WebappClassLoaderBase.clearReferencesJdbc La aplicación web [PruebaJSP] registró el conductor JDBC [com.mysql.cj.jdbc.Driver] pero falló al anular el registro mientras la aplicación web estaba parada. Para prevenir un fallo de memoria, se ha anulado el registro del conductor JDBC por la fuerza.
17-Nov-2022 12:17:44.309 ADVERTENCIA [http-nio-8080-exec-103] org.apache.catalina.loader.WebappClassLoaderBase.clearReferencesThreads The web application [PruebaJSP] appears to have started a thread named [mysql-cj-abandoned-connection-cleanup] but has failed to stop it. This is very likely to create a memory leak. Stack trace of thread:
 java.lang.Object.wait(Native Method)
 java.lang.ref.ReferenceQueue.remove(ReferenceQueue.java:150)
 com.mysql.cj.jdbc.AbandonedConnectionCleanupThread.run(AbandonedConnectionCleanupThread.java:91)
 java.util.concurrent.ThreadPoolExecutor.runWorker(ThreadPoolExecutor.java:1149)
 java.util.concurrent.ThreadPoolExecutor$Worker.run(ThreadPoolExecutor.java:624)
 java.lang.Thread.run(Thread.java:750)
17-Nov-2022 12:17:45.048 INFORMACIÓN [mysql-cj-abandoned-connection-cleanup] org.apache.catalina.loader.WebappClassLoaderBase.checkStateForResourceLoading Acceso ilegal: esta instancia de aplicación web ya ha sido parada.  Could not load [].  La eventual traza de pila que sigue ha sido motivada por un error lanzado con motivos de depuración así como para intentar terminar el hilo que motivó el acceso ilegal y no tiene impacto funcional.
	java.lang.IllegalStateException: Acceso ilegal: esta instancia de aplicación web ya ha sido parada.  Could not load [].  La eventual traza de pila que sigue ha sido motivada por un error lanzado con motivos de depuración así como para intentar terminar el hilo que motivó el acceso ilegal y no tiene impacto funcional.
		at org.apache.catalina.loader.WebappClassLoaderBase.checkStateForResourceLoading(WebappClassLoaderBase.java:1440)
		at org.apache.catalina.loader.WebappClassLoaderBase.getResource(WebappClassLoaderBase.java:1065)
		at com.mysql.cj.jdbc.AbandonedConnectionCleanupThread.checkThreadContextClassLoader(AbandonedConnectionCleanupThread.java:123)
		at com.mysql.cj.jdbc.AbandonedConnectionCleanupThread.run(AbandonedConnectionCleanupThread.java:90)
		at java.util.concurrent.ThreadPoolExecutor.runWorker(ThreadPoolExecutor.java:1149)
		at java.util.concurrent.ThreadPoolExecutor$Worker.run(ThreadPoolExecutor.java:624)
		at java.lang.Thread.run(Thread.java:750)
17-Nov-2022 12:17:46.938 INFORMACIÓN [http-nio-8080-exec-103] org.apache.jasper.servlet.TldScanner.scanJars Al menos un JAR, que se ha explorado buscando TLDs, aún no contenía TLDs. Activar historial de depuración para este historiador para una completa lista de los JARs que fueron explorados y de los que nos se halló TLDs. Saltarse JARs no necesarios durante la exploración puede dar lugar a una mejora de tiempo significativa en el arranque y compilación de JSP .
17-Nov-2022 12:17:46.946 INFORMACIÓN [http-nio-8080-exec-103] org.apache.catalina.core.StandardContext.reload Se ha completado la recarga de este Contexto
17-Nov-2022 12:23:20.117 INFORMACIÓN [http-nio-8080-exec-116] org.apache.catalina.core.StandardContext.reload Ha comenzado la recarga de Contexto [/PruebaJSP]
17-Nov-2022 12:23:20.145 ADVERTENCIA [http-nio-8080-exec-116] org.apache.catalina.loader.WebappClassLoaderBase.clearReferencesJdbc La aplicación web [PruebaJSP] registró el conductor JDBC [com.mysql.cj.jdbc.Driver] pero falló al anular el registro mientras la aplicación web estaba parada. Para prevenir un fallo de memoria, se ha anulado el registro del conductor JDBC por la fuerza.
17-Nov-2022 12:23:20.145 ADVERTENCIA [http-nio-8080-exec-116] org.apache.catalina.loader.WebappClassLoaderBase.clearReferencesThreads The web application [PruebaJSP] appears to have started a thread named [mysql-cj-abandoned-connection-cleanup] but has failed to stop it. This is very likely to create a memory leak. Stack trace of thread:
 java.lang.Object.wait(Native Method)
 java.lang.ref.ReferenceQueue.remove(ReferenceQueue.java:150)
 com.mysql.cj.jdbc.AbandonedConnectionCleanupThread.run(AbandonedConnectionCleanupThread.java:91)
 java.util.concurrent.ThreadPoolExecutor.runWorker(ThreadPoolExecutor.java:1149)
 java.util.concurrent.ThreadPoolExecutor$Worker.run(ThreadPoolExecutor.java:624)
 java.lang.Thread.run(Thread.java:750)
17-Nov-2022 12:23:21.028 INFORMACIÓN [mysql-cj-abandoned-connection-cleanup] org.apache.catalina.loader.WebappClassLoaderBase.checkStateForResourceLoading Acceso ilegal: esta instancia de aplicación web ya ha sido parada.  Could not load [].  La eventual traza de pila que sigue ha sido motivada por un error lanzado con motivos de depuración así como para intentar terminar el hilo que motivó el acceso ilegal y no tiene impacto funcional.
	java.lang.IllegalStateException: Acceso ilegal: esta instancia de aplicación web ya ha sido parada.  Could not load [].  La eventual traza de pila que sigue ha sido motivada por un error lanzado con motivos de depuración así como para intentar terminar el hilo que motivó el acceso ilegal y no tiene impacto funcional.
		at org.apache.catalina.loader.WebappClassLoaderBase.checkStateForResourceLoading(WebappClassLoaderBase.java:1440)
		at org.apache.catalina.loader.WebappClassLoaderBase.getResource(WebappClassLoaderBase.java:1065)
		at com.mysql.cj.jdbc.AbandonedConnectionCleanupThread.checkThreadContextClassLoader(AbandonedConnectionCleanupThread.java:123)
		at com.mysql.cj.jdbc.AbandonedConnectionCleanupThread.run(AbandonedConnectionCleanupThread.java:90)
		at java.util.concurrent.ThreadPoolExecutor.runWorker(ThreadPoolExecutor.java:1149)
		at java.util.concurrent.ThreadPoolExecutor$Worker.run(ThreadPoolExecutor.java:624)
		at java.lang.Thread.run(Thread.java:750)
17-Nov-2022 12:23:24.700 INFORMACIÓN [http-nio-8080-exec-116] org.apache.jasper.servlet.TldScanner.scanJars Al menos un JAR, que se ha explorado buscando TLDs, aún no contenía TLDs. Activar historial de depuración para este historiador para una completa lista de los JARs que fueron explorados y de los que nos se halló TLDs. Saltarse JARs no necesarios durante la exploración puede dar lugar a una mejora de tiempo significativa en el arranque y compilación de JSP .
17-Nov-2022 12:23:24.715 INFORMACIÓN [http-nio-8080-exec-116] org.apache.catalina.core.StandardContext.reload Se ha completado la recarga de este Contexto
17-Nov-2022 12:36:01.568 INFORMACIÓN [main] org.apache.catalina.core.StandardServer.await Se ha recibido un comando de apagado a través del puerto de apagado. Parando la instancia del Servidor.
17-Nov-2022 12:36:01.581 INFORMACIÓN [main] org.apache.coyote.AbstractProtocol.pause Pausing ProtocolHandler ["http-nio-8080"]
17-Nov-2022 12:36:02.308 INFORMACIÓN [main] org.apache.catalina.core.StandardService.stopInternal Parando servicio [Catalina]
17-Nov-2022 12:36:02.675 INFORMACIÓN [main] org.apache.coyote.AbstractProtocol.stop Stopping ProtocolHandler ["http-nio-8080"]
17-Nov-2022 12:36:02.767 INFORMACIÓN [main] org.apache.coyote.AbstractProtocol.destroy Destroying ProtocolHandler ["http-nio-8080"]
17-Nov-2022 16:20:00.425 INFORMACIÓN [main] org.apache.catalina.startup.VersionLoggerListener.log Nombre de la versión del servidor: Apache Tomcat/8.5.83
17-Nov-2022 16:20:00.430 INFORMACIÓN [main] org.apache.catalina.startup.VersionLoggerListener.log Server built:                      Oct 3 2022 21:11:09 UTC
17-Nov-2022 16:20:00.430 INFORMACIÓN [main] org.apache.catalina.startup.VersionLoggerListener.log Número de versión de servidor:     8.5.83.0
17-Nov-2022 16:20:00.430 INFORMACIÓN [main] org.apache.catalina.startup.VersionLoggerListener.log OS Name:                           Windows 10
17-Nov-2022 16:20:00.430 INFORMACIÓN [main] org.apache.catalina.startup.VersionLoggerListener.log Versión de Systema Operativo:      10.0
17-Nov-2022 16:20:00.431 INFORMACIÓN [main] org.apache.catalina.startup.VersionLoggerListener.log Arquitectura:                      amd64
17-Nov-2022 16:20:00.431 INFORMACIÓN [main] org.apache.catalina.startup.VersionLoggerListener.log Java Home:                         C:\Program Files\Java\jdk1.8.0_341\jre
17-Nov-2022 16:20:00.431 INFORMACIÓN [main] org.apache.catalina.startup.VersionLoggerListener.log JVM Version:                       1.8.0_341-b10
17-Nov-2022 16:20:00.431 INFORMACIÓN [main] org.apache.catalina.startup.VersionLoggerListener.log Vededor JVM:                       Oracle Corporation
17-Nov-2022 16:20:00.431 INFORMACIÓN [main] org.apache.catalina.startup.VersionLoggerListener.log CATALINA_BASE:                     C:\Users\CarlosAdmin\Desktop\Librerias\apache-tomcat-8.5.83-windows-x64\apache-tomcat-8.5.83
17-Nov-2022 16:20:00.431 INFORMACIÓN [main] org.apache.catalina.startup.VersionLoggerListener.log CATALINA_HOME:                     C:\Users\CarlosAdmin\Desktop\Librerias\apache-tomcat-8.5.83-windows-x64\apache-tomcat-8.5.83
17-Nov-2022 16:20:00.432 INFORMACIÓN [main] org.apache.catalina.startup.VersionLoggerListener.log Command line argument:             -Djava.util.logging.config.file=C:\Users\CarlosAdmin\Desktop\Librerias\apache-tomcat-8.5.83-windows-x64\apache-tomcat-8.5.83\conf\logging.properties
17-Nov-2022 16:20:00.432 INFORMACIÓN [main] org.apache.catalina.startup.VersionLoggerListener.log Command line argument:             -Djava.util.logging.manager=org.apache.juli.ClassLoaderLogManager
17-Nov-2022 16:20:00.432 INFORMACIÓN [main] org.apache.catalina.startup.VersionLoggerListener.log Command line argument:             -Dhttp.nonProxyHosts=localhost|127.0.0.1|DESKTOP-8NAV08A
17-Nov-2022 16:20:00.433 INFORMACIÓN [main] org.apache.catalina.startup.VersionLoggerListener.log Command line argument:             -Djdk.tls.ephemeralDHKeySize=2048
17-Nov-2022 16:20:00.433 INFORMACIÓN [main] org.apache.catalina.startup.VersionLoggerListener.log Command line argument:             -Djava.protocol.handler.pkgs=org.apache.catalina.webresources
17-Nov-2022 16:20:00.433 INFORMACIÓN [main] org.apache.catalina.startup.VersionLoggerListener.log Command line argument:             -Dignore.endorsed.dirs=
17-Nov-2022 16:20:00.434 INFORMACIÓN [main] org.apache.catalina.startup.VersionLoggerListener.log Command line argument:             -Dcatalina.base=C:\Users\CarlosAdmin\Desktop\Librerias\apache-tomcat-8.5.83-windows-x64\apache-tomcat-8.5.83
17-Nov-2022 16:20:00.434 INFORMACIÓN [main] org.apache.catalina.startup.VersionLoggerListener.log Command line argument:             -Dcatalina.home=C:\Users\CarlosAdmin\Desktop\Librerias\apache-tomcat-8.5.83-windows-x64\apache-tomcat-8.5.83
17-Nov-2022 16:20:00.434 INFORMACIÓN [main] org.apache.catalina.startup.VersionLoggerListener.log Command line argument:             -Djava.io.tmpdir=C:\Users\CarlosAdmin\Desktop\Librerias\apache-tomcat-8.5.83-windows-x64\apache-tomcat-8.5.83\temp
17-Nov-2022 16:20:00.434 INFORMACIÓN [main] org.apache.catalina.core.AprLifecycleListener.lifecycleEvent Cargada la biblioteca nativa APR de Apache Tomcat [1.2.35] con la versión APR [1.7.0].
17-Nov-2022 16:20:00.434 INFORMACIÓN [main] org.apache.catalina.core.AprLifecycleListener.lifecycleEvent Capacidades APR: IPv6 [true], enviar fichero [true], aceptar filtros [false], aleatorio [true], UDS [{4}].
17-Nov-2022 16:20:00.450 INFORMACIÓN [main] org.apache.catalina.core.AprLifecycleListener.lifecycleEvent APR/OpenSSL configuration: useAprConnector [false], useOpenSSL [true]
17-Nov-2022 16:20:00.495 INFORMACIÓN [main] org.apache.catalina.core.AprLifecycleListener.initializeSSL OpenSSL inicializado correctamente [OpenSSL 1.1.1q  5 Jul 2022]
17-Nov-2022 16:20:00.913 INFORMACIÓN [main] org.apache.coyote.AbstractProtocol.init Inicializando el manejador de protocolo ["http-nio-8080"]

17-Nov-2022 16:20:01.097 INFORMACIÓN [main] org.apache.catalina.startup.Catalina.load Initialization processed in 1787 ms
17-Nov-2022 16:20:01.520 INFORMACIÓN [main] org.apache.catalina.core.StandardService.startInternal Arrancando servicio [Catalina]
17-Nov-2022 16:20:01.520 INFORMACIÓN [main] org.apache.catalina.core.StandardEngine.startInternal Starting Servlet engine: [Apache Tomcat/8.5.83]
17-Nov-2022 16:20:01.623 INFORMACIÓN [localhost-startStop-1] org.apache.catalina.startup.HostConfig.deployDescriptor Desplieque del descriptor de configuración [C:\Users\CarlosAdmin\Desktop\Librerias\apache-tomcat-8.5.83-windows-x64\apache-tomcat-8.5.83\conf\Catalina\localhost\PruebaJSP.xml]
17-Nov-2022 16:20:06.953 INFORMACIÓN [localhost-startStop-1] org.apache.jasper.servlet.TldScanner.scanJars Al menos un JAR, que se ha explorado buscando TLDs, aún no contenía TLDs. Activar historial de depuración para este historiador para una completa lista de los JARs que fueron explorados y de los que nos se halló TLDs. Saltarse JARs no necesarios durante la exploración puede dar lugar a una mejora de tiempo significativa en el arranque y compilación de JSP .
17-Nov-2022 16:20:07.462 ADVERTENCIA [localhost-startStop-1] org.apache.catalina.util.SessionIdGeneratorBase.createSecureRandom Creation of SecureRandom instance for session ID generation using [SHA1PRNG] took [463] milliseconds.
17-Nov-2022 16:20:07.555 INFORMACIÓN [localhost-startStop-1] org.apache.catalina.startup.HostConfig.deployDescriptor Deployment of deployment descriptor [C:\Users\CarlosAdmin\Desktop\Librerias\apache-tomcat-8.5.83-windows-x64\apache-tomcat-8.5.83\conf\Catalina\localhost\PruebaJSP.xml] has finished in [5.932] ms
17-Nov-2022 16:20:07.557 INFORMACIÓN [localhost-startStop-1] org.apache.catalina.startup.HostConfig.deployDirectory Desplegando el directorio [C:\Users\CarlosAdmin\Desktop\Librerias\apache-tomcat-8.5.83-windows-x64\apache-tomcat-8.5.83\webapps\docs] de la aplicación web
17-Nov-2022 16:20:07.629 INFORMACIÓN [localhost-startStop-1] org.apache.catalina.startup.HostConfig.deployDirectory Deployment of web application directory [C:\Users\CarlosAdmin\Desktop\Librerias\apache-tomcat-8.5.83-windows-x64\apache-tomcat-8.5.83\webapps\docs] has finished in [72] ms
17-Nov-2022 16:20:07.630 INFORMACIÓN [localhost-startStop-1] org.apache.catalina.startup.HostConfig.deployDirectory Desplegando el directorio [C:\Users\CarlosAdmin\Desktop\Librerias\apache-tomcat-8.5.83-windows-x64\apache-tomcat-8.5.83\webapps\examples] de la aplicación web
17-Nov-2022 16:20:08.444 INFORMACIÓN [localhost-startStop-1] org.apache.catalina.startup.HostConfig.deployDirectory Deployment of web application directory [C:\Users\CarlosAdmin\Desktop\Librerias\apache-tomcat-8.5.83-windows-x64\apache-tomcat-8.5.83\webapps\examples] has finished in [814] ms
17-Nov-2022 16:20:08.445 INFORMACIÓN [localhost-startStop-1] org.apache.catalina.startup.HostConfig.deployDirectory Desplegando el directorio [C:\Users\CarlosAdmin\Desktop\Librerias\apache-tomcat-8.5.83-windows-x64\apache-tomcat-8.5.83\webapps\host-manager] de la aplicación web
17-Nov-2022 16:20:08.580 INFORMACIÓN [localhost-startStop-1] org.apache.catalina.startup.HostConfig.deployDirectory Deployment of web application directory [C:\Users\CarlosAdmin\Desktop\Librerias\apache-tomcat-8.5.83-windows-x64\apache-tomcat-8.5.83\webapps\host-manager] has finished in [135] ms
17-Nov-2022 16:20:08.581 INFORMACIÓN [localhost-startStop-1] org.apache.catalina.startup.HostConfig.deployDirectory Desplegando el directorio [C:\Users\CarlosAdmin\Desktop\Librerias\apache-tomcat-8.5.83-windows-x64\apache-tomcat-8.5.83\webapps\manager] de la aplicación web
17-Nov-2022 16:20:08.668 INFORMACIÓN [localhost-startStop-1] org.apache.catalina.startup.HostConfig.deployDirectory Deployment of web application directory [C:\Users\CarlosAdmin\Desktop\Librerias\apache-tomcat-8.5.83-windows-x64\apache-tomcat-8.5.83\webapps\manager] has finished in [87] ms
17-Nov-2022 16:20:08.668 INFORMACIÓN [localhost-startStop-1] org.apache.catalina.startup.HostConfig.deployDirectory Desplegando el directorio [C:\Users\CarlosAdmin\Desktop\Librerias\apache-tomcat-8.5.83-windows-x64\apache-tomcat-8.5.83\webapps\ROOT] de la aplicación web
17-Nov-2022 16:20:08.725 INFORMACIÓN [localhost-startStop-1] org.apache.catalina.startup.HostConfig.deployDirectory Deployment of web application directory [C:\Users\CarlosAdmin\Desktop\Librerias\apache-tomcat-8.5.83-windows-x64\apache-tomcat-8.5.83\webapps\ROOT] has finished in [57] ms
17-Nov-2022 16:20:08.736 INFORMACIÓN [main] org.apache.coyote.AbstractProtocol.start Starting ProtocolHandler ["http-nio-8080"]
17-Nov-2022 16:20:08.793 INFORMACIÓN [main] org.apache.catalina.startup.Catalina.start Server startup in 7695 ms
17-Nov-2022 16:20:13.994 INFORMACIÓN [http-nio-8080-exec-10] org.apache.catalina.core.StandardContext.reload Ha comenzado la recarga de Contexto [/PruebaJSP]
17-Nov-2022 16:20:18.506 INFORMACIÓN [http-nio-8080-exec-10] org.apache.jasper.servlet.TldScanner.scanJars Al menos un JAR, que se ha explorado buscando TLDs, aún no contenía TLDs. Activar historial de depuración para este historiador para una completa lista de los JARs que fueron explorados y de los que nos se halló TLDs. Saltarse JARs no necesarios durante la exploración puede dar lugar a una mejora de tiempo significativa en el arranque y compilación de JSP .
17-Nov-2022 16:20:18.521 INFORMACIÓN [http-nio-8080-exec-10] org.apache.catalina.core.StandardContext.reload Se ha completado la recarga de este Contexto
17-Nov-2022 16:28:39.369 INFORMACIÓN [http-nio-8080-exec-20] org.apache.catalina.core.StandardContext.reload Ha comenzado la recarga de Contexto [/PruebaJSP]
17-Nov-2022 16:28:45.958 INFORMACIÓN [http-nio-8080-exec-20] org.apache.jasper.servlet.TldScanner.scanJars Al menos un JAR, que se ha explorado buscando TLDs, aún no contenía TLDs. Activar historial de depuración para este historiador para una completa lista de los JARs que fueron explorados y de los que nos se halló TLDs. Saltarse JARs no necesarios durante la exploración puede dar lugar a una mejora de tiempo significativa en el arranque y compilación de JSP .
17-Nov-2022 16:28:45.971 INFORMACIÓN [http-nio-8080-exec-20] org.apache.catalina.core.StandardContext.reload Se ha completado la recarga de este Contexto
17-Nov-2022 16:31:07.794 INFORMACIÓN [http-nio-8080-exec-23] org.apache.catalina.core.StandardContext.reload Ha comenzado la recarga de Contexto [/PruebaJSP]
17-Nov-2022 16:31:08.000 ADVERTENCIA [http-nio-8080-exec-23] org.apache.catalina.loader.WebappClassLoaderBase.clearReferencesJdbc La aplicación web [PruebaJSP] registró el conductor JDBC [com.mysql.cj.jdbc.Driver] pero falló al anular el registro mientras la aplicación web estaba parada. Para prevenir un fallo de memoria, se ha anulado el registro del conductor JDBC por la fuerza.
17-Nov-2022 16:31:08.001 ADVERTENCIA [http-nio-8080-exec-23] org.apache.catalina.loader.WebappClassLoaderBase.clearReferencesThreads The web application [PruebaJSP] appears to have started a thread named [mysql-cj-abandoned-connection-cleanup] but has failed to stop it. This is very likely to create a memory leak. Stack trace of thread:
 java.lang.Object.wait(Native Method)
 java.lang.ref.ReferenceQueue.remove(ReferenceQueue.java:150)
 com.mysql.cj.jdbc.AbandonedConnectionCleanupThread.run(AbandonedConnectionCleanupThread.java:91)
 java.util.concurrent.ThreadPoolExecutor.runWorker(ThreadPoolExecutor.java:1149)
 java.util.concurrent.ThreadPoolExecutor$Worker.run(ThreadPoolExecutor.java:624)
 java.lang.Thread.run(Thread.java:750)
17-Nov-2022 16:31:10.795 INFORMACIÓN [mysql-cj-abandoned-connection-cleanup] org.apache.catalina.loader.WebappClassLoaderBase.checkStateForResourceLoading Acceso ilegal: esta instancia de aplicación web ya ha sido parada.  Could not load [].  La eventual traza de pila que sigue ha sido motivada por un error lanzado con motivos de depuración así como para intentar terminar el hilo que motivó el acceso ilegal y no tiene impacto funcional.
	java.lang.IllegalStateException: Acceso ilegal: esta instancia de aplicación web ya ha sido parada.  Could not load [].  La eventual traza de pila que sigue ha sido motivada por un error lanzado con motivos de depuración así como para intentar terminar el hilo que motivó el acceso ilegal y no tiene impacto funcional.
		at org.apache.catalina.loader.WebappClassLoaderBase.checkStateForResourceLoading(WebappClassLoaderBase.java:1440)
		at org.apache.catalina.loader.WebappClassLoaderBase.getResource(WebappClassLoaderBase.java:1065)
		at com.mysql.cj.jdbc.AbandonedConnectionCleanupThread.checkThreadContextClassLoader(AbandonedConnectionCleanupThread.java:123)
		at com.mysql.cj.jdbc.AbandonedConnectionCleanupThread.run(AbandonedConnectionCleanupThread.java:90)
		at java.util.concurrent.ThreadPoolExecutor.runWorker(ThreadPoolExecutor.java:1149)
		at java.util.concurrent.ThreadPoolExecutor$Worker.run(ThreadPoolExecutor.java:624)
		at java.lang.Thread.run(Thread.java:750)
17-Nov-2022 16:31:15.864 INFORMACIÓN [http-nio-8080-exec-23] org.apache.jasper.servlet.TldScanner.scanJars Al menos un JAR, que se ha explorado buscando TLDs, aún no contenía TLDs. Activar historial de depuración para este historiador para una completa lista de los JARs que fueron explorados y de los que nos se halló TLDs. Saltarse JARs no necesarios durante la exploración puede dar lugar a una mejora de tiempo significativa en el arranque y compilación de JSP .
17-Nov-2022 16:31:15.929 INFORMACIÓN [http-nio-8080-exec-23] org.apache.catalina.core.StandardContext.reload Se ha completado la recarga de este Contexto
17-Nov-2022 16:32:37.977 INFORMACIÓN [http-nio-8080-exec-31] org.apache.catalina.core.StandardContext.reload Ha comenzado la recarga de Contexto [/PruebaJSP]
17-Nov-2022 16:32:38.017 ADVERTENCIA [http-nio-8080-exec-31] org.apache.catalina.loader.WebappClassLoaderBase.clearReferencesJdbc La aplicación web [PruebaJSP] registró el conductor JDBC [com.mysql.cj.jdbc.Driver] pero falló al anular el registro mientras la aplicación web estaba parada. Para prevenir un fallo de memoria, se ha anulado el registro del conductor JDBC por la fuerza.
17-Nov-2022 16:32:38.020 ADVERTENCIA [http-nio-8080-exec-31] org.apache.catalina.loader.WebappClassLoaderBase.clearReferencesThreads The web application [PruebaJSP] appears to have started a thread named [mysql-cj-abandoned-connection-cleanup] but has failed to stop it. This is very likely to create a memory leak. Stack trace of thread:
 java.lang.Object.wait(Native Method)
 java.lang.ref.ReferenceQueue.remove(ReferenceQueue.java:150)
 com.mysql.cj.jdbc.AbandonedConnectionCleanupThread.run(AbandonedConnectionCleanupThread.java:91)
 java.util.concurrent.ThreadPoolExecutor.runWorker(ThreadPoolExecutor.java:1149)
 java.util.concurrent.ThreadPoolExecutor$Worker.run(ThreadPoolExecutor.java:624)
 java.lang.Thread.run(Thread.java:750)
17-Nov-2022 16:32:39.193 INFORMACIÓN [mysql-cj-abandoned-connection-cleanup] org.apache.catalina.loader.WebappClassLoaderBase.checkStateForResourceLoading Acceso ilegal: esta instancia de aplicación web ya ha sido parada.  Could not load [].  La eventual traza de pila que sigue ha sido motivada por un error lanzado con motivos de depuración así como para intentar terminar el hilo que motivó el acceso ilegal y no tiene impacto funcional.
	java.lang.IllegalStateException: Acceso ilegal: esta instancia de aplicación web ya ha sido parada.  Could not load [].  La eventual traza de pila que sigue ha sido motivada por un error lanzado con motivos de depuración así como para intentar terminar el hilo que motivó el acceso ilegal y no tiene impacto funcional.
		at org.apache.catalina.loader.WebappClassLoaderBase.checkStateForResourceLoading(WebappClassLoaderBase.java:1440)
		at org.apache.catalina.loader.WebappClassLoaderBase.getResource(WebappClassLoaderBase.java:1065)
		at com.mysql.cj.jdbc.AbandonedConnectionCleanupThread.checkThreadContextClassLoader(AbandonedConnectionCleanupThread.java:123)
		at com.mysql.cj.jdbc.AbandonedConnectionCleanupThread.run(AbandonedConnectionCleanupThread.java:90)
		at java.util.concurrent.ThreadPoolExecutor.runWorker(ThreadPoolExecutor.java:1149)
		at java.util.concurrent.ThreadPoolExecutor$Worker.run(ThreadPoolExecutor.java:624)
		at java.lang.Thread.run(Thread.java:750)
17-Nov-2022 16:32:42.459 INFORMACIÓN [http-nio-8080-exec-31] org.apache.jasper.servlet.TldScanner.scanJars Al menos un JAR, que se ha explorado buscando TLDs, aún no contenía TLDs. Activar historial de depuración para este historiador para una completa lista de los JARs que fueron explorados y de los que nos se halló TLDs. Saltarse JARs no necesarios durante la exploración puede dar lugar a una mejora de tiempo significativa en el arranque y compilación de JSP .
17-Nov-2022 16:32:42.480 INFORMACIÓN [http-nio-8080-exec-31] org.apache.catalina.core.StandardContext.reload Se ha completado la recarga de este Contexto
17-Nov-2022 17:13:29.971 INFORMACIÓN [http-nio-8080-exec-42] org.apache.catalina.core.StandardContext.reload Ha comenzado la recarga de Contexto [/PruebaJSP]
17-Nov-2022 17:13:29.998 ADVERTENCIA [http-nio-8080-exec-42] org.apache.catalina.loader.WebappClassLoaderBase.clearReferencesJdbc La aplicación web [PruebaJSP] registró el conductor JDBC [com.mysql.cj.jdbc.Driver] pero falló al anular el registro mientras la aplicación web estaba parada. Para prevenir un fallo de memoria, se ha anulado el registro del conductor JDBC por la fuerza.
17-Nov-2022 17:13:29.998 ADVERTENCIA [http-nio-8080-exec-42] org.apache.catalina.loader.WebappClassLoaderBase.clearReferencesThreads The web application [PruebaJSP] appears to have started a thread named [mysql-cj-abandoned-connection-cleanup] but has failed to stop it. This is very likely to create a memory leak. Stack trace of thread:
 java.lang.Object.wait(Native Method)
 java.lang.ref.ReferenceQueue.remove(ReferenceQueue.java:150)
 com.mysql.cj.jdbc.AbandonedConnectionCleanupThread.run(AbandonedConnectionCleanupThread.java:91)
 java.util.concurrent.ThreadPoolExecutor.runWorker(ThreadPoolExecutor.java:1149)
 java.util.concurrent.ThreadPoolExecutor$Worker.run(ThreadPoolExecutor.java:624)
 java.lang.Thread.run(Thread.java:750)
17-Nov-2022 17:13:32.788 INFORMACIÓN [mysql-cj-abandoned-connection-cleanup] org.apache.catalina.loader.WebappClassLoaderBase.checkStateForResourceLoading Acceso ilegal: esta instancia de aplicación web ya ha sido parada.  Could not load [].  La eventual traza de pila que sigue ha sido motivada por un error lanzado con motivos de depuración así como para intentar terminar el hilo que motivó el acceso ilegal y no tiene impacto funcional.
	java.lang.IllegalStateException: Acceso ilegal: esta instancia de aplicación web ya ha sido parada.  Could not load [].  La eventual traza de pila que sigue ha sido motivada por un error lanzado con motivos de depuración así como para intentar terminar el hilo que motivó el acceso ilegal y no tiene impacto funcional.
		at org.apache.catalina.loader.WebappClassLoaderBase.checkStateForResourceLoading(WebappClassLoaderBase.java:1440)
		at org.apache.catalina.loader.WebappClassLoaderBase.getResource(WebappClassLoaderBase.java:1065)
		at com.mysql.cj.jdbc.AbandonedConnectionCleanupThread.checkThreadContextClassLoader(AbandonedConnectionCleanupThread.java:123)
		at com.mysql.cj.jdbc.AbandonedConnectionCleanupThread.run(AbandonedConnectionCleanupThread.java:90)
		at java.util.concurrent.ThreadPoolExecutor.runWorker(ThreadPoolExecutor.java:1149)
		at java.util.concurrent.ThreadPoolExecutor$Worker.run(ThreadPoolExecutor.java:624)
		at java.lang.Thread.run(Thread.java:750)
17-Nov-2022 17:13:33.212 INFORMACIÓN [http-nio-8080-exec-42] org.apache.jasper.servlet.TldScanner.scanJars Al menos un JAR, que se ha explorado buscando TLDs, aún no contenía TLDs. Activar historial de depuración para este historiador para una completa lista de los JARs que fueron explorados y de los que nos se halló TLDs. Saltarse JARs no necesarios durante la exploración puede dar lugar a una mejora de tiempo significativa en el arranque y compilación de JSP .
17-Nov-2022 17:13:33.219 INFORMACIÓN [http-nio-8080-exec-42] org.apache.catalina.core.StandardContext.reload Se ha completado la recarga de este Contexto
17-Nov-2022 17:34:39.362 INFORMACIÓN [http-nio-8080-exec-51] org.apache.catalina.core.StandardContext.reload Ha comenzado la recarga de Contexto [/PruebaJSP]
17-Nov-2022 17:34:39.393 ADVERTENCIA [http-nio-8080-exec-51] org.apache.catalina.loader.WebappClassLoaderBase.clearReferencesJdbc La aplicación web [PruebaJSP] registró el conductor JDBC [com.mysql.cj.jdbc.Driver] pero falló al anular el registro mientras la aplicación web estaba parada. Para prevenir un fallo de memoria, se ha anulado el registro del conductor JDBC por la fuerza.
17-Nov-2022 17:34:39.394 ADVERTENCIA [http-nio-8080-exec-51] org.apache.catalina.loader.WebappClassLoaderBase.clearReferencesThreads The web application [PruebaJSP] appears to have started a thread named [mysql-cj-abandoned-connection-cleanup] but has failed to stop it. This is very likely to create a memory leak. Stack trace of thread:
 java.lang.Object.wait(Native Method)
 java.lang.ref.ReferenceQueue.remove(ReferenceQueue.java:150)
 com.mysql.cj.jdbc.AbandonedConnectionCleanupThread.run(AbandonedConnectionCleanupThread.java:91)
 java.util.concurrent.ThreadPoolExecutor.runWorker(ThreadPoolExecutor.java:1149)
 java.util.concurrent.ThreadPoolExecutor$Worker.run(ThreadPoolExecutor.java:624)
 java.lang.Thread.run(Thread.java:750)
17-Nov-2022 17:34:41.088 INFORMACIÓN [73] org.apache.catalina.loader.WebappClassLoaderBase.checkStateForResourceLoading Acceso ilegal: esta instancia de aplicación web ya ha sido parada.  Could not load [].  La eventual traza de pila que sigue ha sido motivada por un error lanzado con motivos de depuración así como para intentar terminar el hilo que motivó el acceso ilegal y no tiene impacto funcional.
	java.lang.IllegalStateException: Acceso ilegal: esta instancia de aplicación web ya ha sido parada.  Could not load [].  La eventual traza de pila que sigue ha sido motivada por un error lanzado con motivos de depuración así como para intentar terminar el hilo que motivó el acceso ilegal y no tiene impacto funcional.
		at org.apache.catalina.loader.WebappClassLoaderBase.checkStateForResourceLoading(WebappClassLoaderBase.java:1440)
		at org.apache.catalina.loader.WebappClassLoaderBase.getResource(WebappClassLoaderBase.java:1065)
		at com.mysql.cj.jdbc.AbandonedConnectionCleanupThread.checkThreadContextClassLoader(AbandonedConnectionCleanupThread.java:123)
		at com.mysql.cj.jdbc.AbandonedConnectionCleanupThread.run(AbandonedConnectionCleanupThread.java:90)
		at java.util.concurrent.ThreadPoolExecutor.runWorker(ThreadPoolExecutor.java:1149)
		at java.util.concurrent.ThreadPoolExecutor$Worker.run(ThreadPoolExecutor.java:624)
		at java.lang.Thread.run(Thread.java:750)
17-Nov-2022 17:34:42.976 INFORMACIÓN [http-nio-8080-exec-51] org.apache.jasper.servlet.TldScanner.scanJars Al menos un JAR, que se ha explorado buscando TLDs, aún no contenía TLDs. Activar historial de depuración para este historiador para una completa lista de los JARs que fueron explorados y de los que nos se halló TLDs. Saltarse JARs no necesarios durante la exploración puede dar lugar a una mejora de tiempo significativa en el arranque y compilación de JSP .
17-Nov-2022 17:34:43.039 INFORMACIÓN [http-nio-8080-exec-51] org.apache.catalina.core.StandardContext.reload Se ha completado la recarga de este Contexto
17-Nov-2022 17:41:11.275 INFORMACIÓN [http-nio-8080-exec-62] org.apache.catalina.core.StandardContext.reload Ha comenzado la recarga de Contexto [/PruebaJSP]
17-Nov-2022 17:41:11.297 ADVERTENCIA [http-nio-8080-exec-62] org.apache.catalina.loader.WebappClassLoaderBase.clearReferencesJdbc La aplicación web [PruebaJSP] registró el conductor JDBC [com.mysql.cj.jdbc.Driver] pero falló al anular el registro mientras la aplicación web estaba parada. Para prevenir un fallo de memoria, se ha anulado el registro del conductor JDBC por la fuerza.
17-Nov-2022 17:41:11.297 ADVERTENCIA [http-nio-8080-exec-62] org.apache.catalina.loader.WebappClassLoaderBase.clearReferencesThreads The web application [PruebaJSP] appears to have started a thread named [mysql-cj-abandoned-connection-cleanup] but has failed to stop it. This is very likely to create a memory leak. Stack trace of thread:
 java.lang.Object.wait(Native Method)
 java.lang.ref.ReferenceQueue.remove(ReferenceQueue.java:150)
 com.mysql.cj.jdbc.AbandonedConnectionCleanupThread.run(AbandonedConnectionCleanupThread.java:91)
 java.util.concurrent.ThreadPoolExecutor.runWorker(ThreadPoolExecutor.java:1149)
 java.util.concurrent.ThreadPoolExecutor$Worker.run(ThreadPoolExecutor.java:624)
 java.lang.Thread.run(Thread.java:750)
17-Nov-2022 17:41:13.390 INFORMACIÓN [84] org.apache.catalina.loader.WebappClassLoaderBase.checkStateForResourceLoading Acceso ilegal: esta instancia de aplicación web ya ha sido parada.  Could not load [].  La eventual traza de pila que sigue ha sido motivada por un error lanzado con motivos de depuración así como para intentar terminar el hilo que motivó el acceso ilegal y no tiene impacto funcional.
	java.lang.IllegalStateException: Acceso ilegal: esta instancia de aplicación web ya ha sido parada.  Could not load [].  La eventual traza de pila que sigue ha sido motivada por un error lanzado con motivos de depuración así como para intentar terminar el hilo que motivó el acceso ilegal y no tiene impacto funcional.
		at org.apache.catalina.loader.WebappClassLoaderBase.checkStateForResourceLoading(WebappClassLoaderBase.java:1440)
		at org.apache.catalina.loader.WebappClassLoaderBase.getResource(WebappClassLoaderBase.java:1065)
		at com.mysql.cj.jdbc.AbandonedConnectionCleanupThread.checkThreadContextClassLoader(AbandonedConnectionCleanupThread.java:123)
		at com.mysql.cj.jdbc.AbandonedConnectionCleanupThread.run(AbandonedConnectionCleanupThread.java:90)
		at java.util.concurrent.ThreadPoolExecutor.runWorker(ThreadPoolExecutor.java:1149)
		at java.util.concurrent.ThreadPoolExecutor$Worker.run(ThreadPoolExecutor.java:624)
		at java.lang.Thread.run(Thread.java:750)
17-Nov-2022 17:41:14.085 INFORMACIÓN [http-nio-8080-exec-62] org.apache.jasper.servlet.TldScanner.scanJars Al menos un JAR, que se ha explorado buscando TLDs, aún no contenía TLDs. Activar historial de depuración para este historiador para una completa lista de los JARs que fueron explorados y de los que nos se halló TLDs. Saltarse JARs no necesarios durante la exploración puede dar lugar a una mejora de tiempo significativa en el arranque y compilación de JSP .
17-Nov-2022 17:41:14.101 INFORMACIÓN [http-nio-8080-exec-62] org.apache.catalina.core.StandardContext.reload Se ha completado la recarga de este Contexto
17-Nov-2022 17:42:38.800 INFORMACIÓN [http-nio-8080-exec-72] org.apache.catalina.core.StandardContext.reload Ha comenzado la recarga de Contexto [/PruebaJSP]
17-Nov-2022 17:42:38.812 ADVERTENCIA [http-nio-8080-exec-72] org.apache.catalina.loader.WebappClassLoaderBase.clearReferencesJdbc La aplicación web [PruebaJSP] registró el conductor JDBC [com.mysql.cj.jdbc.Driver] pero falló al anular el registro mientras la aplicación web estaba parada. Para prevenir un fallo de memoria, se ha anulado el registro del conductor JDBC por la fuerza.
17-Nov-2022 17:42:38.815 ADVERTENCIA [http-nio-8080-exec-72] org.apache.catalina.loader.WebappClassLoaderBase.clearReferencesThreads The web application [PruebaJSP] appears to have started a thread named [mysql-cj-abandoned-connection-cleanup] but has failed to stop it. This is very likely to create a memory leak. Stack trace of thread:
 java.lang.Object.wait(Native Method)
 java.lang.ref.ReferenceQueue.remove(ReferenceQueue.java:150)
 com.mysql.cj.jdbc.AbandonedConnectionCleanupThread.run(AbandonedConnectionCleanupThread.java:91)
 java.util.concurrent.ThreadPoolExecutor.runWorker(ThreadPoolExecutor.java:1149)
 java.util.concurrent.ThreadPoolExecutor$Worker.run(ThreadPoolExecutor.java:624)
 java.lang.Thread.run(Thread.java:750)
17-Nov-2022 17:42:39.338 INFORMACIÓN [mysql-cj-abandoned-connection-cleanup] org.apache.catalina.loader.WebappClassLoaderBase.checkStateForResourceLoading Acceso ilegal: esta instancia de aplicación web ya ha sido parada.  Could not load [].  La eventual traza de pila que sigue ha sido motivada por un error lanzado con motivos de depuración así como para intentar terminar el hilo que motivó el acceso ilegal y no tiene impacto funcional.
	java.lang.IllegalStateException: Acceso ilegal: esta instancia de aplicación web ya ha sido parada.  Could not load [].  La eventual traza de pila que sigue ha sido motivada por un error lanzado con motivos de depuración así como para intentar terminar el hilo que motivó el acceso ilegal y no tiene impacto funcional.
		at org.apache.catalina.loader.WebappClassLoaderBase.checkStateForResourceLoading(WebappClassLoaderBase.java:1440)
		at org.apache.catalina.loader.WebappClassLoaderBase.getResource(WebappClassLoaderBase.java:1065)
		at com.mysql.cj.jdbc.AbandonedConnectionCleanupThread.checkThreadContextClassLoader(AbandonedConnectionCleanupThread.java:123)
		at com.mysql.cj.jdbc.AbandonedConnectionCleanupThread.run(AbandonedConnectionCleanupThread.java:90)
		at java.util.concurrent.ThreadPoolExecutor.runWorker(ThreadPoolExecutor.java:1149)
		at java.util.concurrent.ThreadPoolExecutor$Worker.run(ThreadPoolExecutor.java:624)
		at java.lang.Thread.run(Thread.java:750)
17-Nov-2022 17:42:41.234 INFORMACIÓN [http-nio-8080-exec-72] org.apache.jasper.servlet.TldScanner.scanJars Al menos un JAR, que se ha explorado buscando TLDs, aún no contenía TLDs. Activar historial de depuración para este historiador para una completa lista de los JARs que fueron explorados y de los que nos se halló TLDs. Saltarse JARs no necesarios durante la exploración puede dar lugar a una mejora de tiempo significativa en el arranque y compilación de JSP .
17-Nov-2022 17:42:41.243 INFORMACIÓN [http-nio-8080-exec-72] org.apache.catalina.core.StandardContext.reload Se ha completado la recarga de este Contexto
17-Nov-2022 17:43:16.786 INFORMACIÓN [Finalizer] org.apache.catalina.loader.WebappClassLoaderBase.checkStateForResourceLoading Acceso ilegal: esta instancia de aplicación web ya ha sido parada.  Could not load [com.mysql.cj.exceptions.ExceptionFactory].  La eventual traza de pila que sigue ha sido motivada por un error lanzado con motivos de depuración así como para intentar terminar el hilo que motivó el acceso ilegal y no tiene impacto funcional.
	java.lang.IllegalStateException: Acceso ilegal: esta instancia de aplicación web ya ha sido parada.  Could not load [com.mysql.cj.exceptions.ExceptionFactory].  La eventual traza de pila que sigue ha sido motivada por un error lanzado con motivos de depuración así como para intentar terminar el hilo que motivó el acceso ilegal y no tiene impacto funcional.
		at org.apache.catalina.loader.WebappClassLoaderBase.checkStateForResourceLoading(WebappClassLoaderBase.java:1440)
		at org.apache.catalina.loader.WebappClassLoaderBase.checkStateForClassLoading(WebappClassLoaderBase.java:1428)
		at org.apache.catalina.loader.WebappClassLoaderBase.loadClass(WebappClassLoaderBase.java:1267)
		at org.apache.catalina.loader.WebappClassLoaderBase.loadClass(WebappClassLoaderBase.java:1228)
		at com.mysql.cj.protocol.a.NativeProtocol.send(NativeProtocol.java:628)
		at com.mysql.cj.protocol.a.NativeProtocol.quit(NativeProtocol.java:1336)
		at com.mysql.cj.NativeSession.quit(NativeSession.java:149)
		at com.mysql.cj.jdbc.ConnectionImpl.realClose(ConnectionImpl.java:1721)
		at com.mysql.cj.jdbc.ConnectionImpl.close(ConnectionImpl.java:713)
		at org.eclipse.persistence.internal.databaseaccess.DatabaseAccessor.closeDatasourceConnection(DatabaseAccessor.java:493)
		at org.eclipse.persistence.internal.databaseaccess.DatasourceAccessor.disconnect(DatasourceAccessor.java:497)
		at org.eclipse.persistence.internal.databaseaccess.DatabaseAccessor.disconnect(DatabaseAccessor.java:506)
		at org.eclipse.persistence.internal.sessions.DatabaseSessionImpl.disconnect(DatabaseSessionImpl.java:415)
		at org.eclipse.persistence.sessions.server.ServerSession.disconnect(ServerSession.java:504)
		at org.eclipse.persistence.internal.sessions.DatabaseSessionImpl.logout(DatabaseSessionImpl.java:931)
		at org.eclipse.persistence.sessions.server.ServerSession.logout(ServerSession.java:776)
		at org.eclipse.persistence.internal.jpa.EntityManagerSetupImpl.removeSessionFromGlobalSessionManager(EntityManagerSetupImpl.java:511)
		at org.eclipse.persistence.internal.jpa.EntityManagerSetupImpl.undeploy(EntityManagerSetupImpl.java:2850)
		at org.eclipse.persistence.internal.jpa.EntityManagerFactoryDelegate.close(EntityManagerFactoryDelegate.java:267)
		at org.eclipse.persistence.internal.jpa.EntityManagerFactoryDelegate.finalize(EntityManagerFactoryDelegate.java:344)
		at java.lang.System$2.invokeFinalize(System.java:1270)
		at java.lang.ref.Finalizer.runFinalizer(Finalizer.java:102)
		at java.lang.ref.Finalizer.access$100(Finalizer.java:34)
		at java.lang.ref.Finalizer$FinalizerThread.run(Finalizer.java:217)
